
generating passphrases with ./lyrics/Rock/AC-DC.txt
Generated 1.0m passphrases
1.242m/s
Minimum for passphrase 1 had a distance of 12 with: "makesmewanttocry"
Generated 2.0m passphrases
1.471m/s
Minimum for passphrase 1 had a distance of 12 with: "makesmewanttocry"
Generated 3.0m passphrases
1.546m/s
Minimum for passphrase 1 had a distance of 12 with: "makesmewanttocry"
Generated 4.0m passphrases
1.615m/s
Minimum for passphrase 1 had a distance of 12 with: "makesmewanttocry"
Generated 5.0m passphrases
1.657m/s
Minimum for passphrase 1 had a distance of 12 with: "makesmewanttocry"
Generated 6.0m passphrases
1.69m/s
Minimum for passphrase 1 had a distance of 12 with: "makesmewanttocry"
Generated 7.0m passphrases
1.716m/s
Minimum for passphrase 1 had a distance of 12 with: "makesmewanttocry"
Generated 8.0m passphrases
1.737m/s
Minimum for passphrase 1 had a distance of 12 with: "makesmewanttocry"
Generated 9.0m passphrases
1.745m/s
Minimum for passphrase 1 had a distance of 12 with: "makesmewanttocry"
Generated 10.0m passphrases
1.766m/s
Minimum for passphrase 1 had a distance of 12 with: "makesmewanttocry"
Generated 11.0m passphrases
1.776m/s
Minimum for passphrase 1 had a distance of 12 with: "makesmewanttocry"
Generated 12.0m passphrases
1.789m/s
Minimum for passphrase 1 had a distance of 12 with: "makesmewanttocry"
Generated 13.0m passphrases
1.797m/s
Minimum for passphrase 1 had a distance of 12 with: "makesmewanttocry"
Generated 14.0m passphrases
1.802m/s
Minimum for passphrase 1 had a distance of 12 with: "makesmewanttocry"
generated everything for ./lyrics/Rock/AC-DC.txt

generating passphrases with ./lyrics/Other/Within_Temptation.txt
Generated 15.0m passphrases
1.812m/s
Minimum for passphrase 1 had a distance of 12 with: "makesmewanttocry"
Generated 16.0m passphrases
1.818m/s
Minimum for passphrase 1 had a distance of 12 with: "makesmewanttocry"
Generated 17.0m passphrases
1.826m/s
Minimum for passphrase 1 had a distance of 12 with: "makesmewanttocry"
Generated 18.0m passphrases
1.826m/s
Minimum for passphrase 1 had a distance of 12 with: "makesmewanttocry"
Generated 19.0m passphrases
1.827m/s
Minimum for passphrase 1 had a distance of 12 with: "makesmewanttocry"
Generated 20.0m passphrases
1.831m/s
Minimum for passphrase 1 had a distance of 12 with: "makesmewanttocry"
Generated 21.0m passphrases
1.838m/s
Minimum for passphrase 1 had a distance of 12 with: "makesmewanttocry"
Generated 22.0m passphrases
1.839m/s
Minimum for passphrase 1 had a distance of 12 with: "makesmewanttocry"
Generated 23.0m passphrases
1.843m/s
Minimum for passphrase 1 had a distance of 12 with: "makesmewanttocry"
Generated 24.0m passphrases
1.847m/s
Minimum for passphrase 1 had a distance of 12 with: "makesmewanttocry"
Generated 25.0m passphrases
1.841m/s
Minimum for passphrase 1 had a distance of 12 with: "makesmewanttocry"
Generated 26.0m passphrases
1.834m/s
Minimum for passphrase 1 had a distance of 12 with: "makesmewanttocry"
Generated 27.0m passphrases
1.839m/s
Minimum for passphrase 1 had a distance of 12 with: "makesmewanttocry"
generated everything for ./lyrics/Other/Within_Temptation.txt

generating passphrases with ./lyrics/Metal/Dragonforce.txt
Generated 28.0m passphrases
1.841m/s
Minimum for passphrase 1 had a distance of 12 with: "makesmewanttocry"
Generated 29.0m passphrases
1.843m/s
Minimum for passphrase 1 had a distance of 12 with: "makesmewanttocry"
Generated 30.0m passphrases
1.849m/s
Minimum for passphrase 1 had a distance of 12 with: "makesmewanttocry"
Generated 31.0m passphrases
1.847m/s
Minimum for passphrase 1 had a distance of 12 with: "makesmewanttocry"
Generated 32.0m passphrases
1.844m/s
Minimum for passphrase 1 had a distance of 12 with: "makesmewanttocry"
Generated 33.0m passphrases
1.84m/s
Minimum for passphrase 1 had a distance of 12 with: "makesmewanttocry"
Generated 34.0m passphrases
1.839m/s
Minimum for passphrase 1 had a distance of 12 with: "makesmewanttocry"
Generated 35.0m passphrases
1.843m/s
Minimum for passphrase 1 had a distance of 12 with: "makesmewanttocry"
Generated 36.0m passphrases
1.851m/s
Minimum for passphrase 1 had a distance of 12 with: "makesmewanttocry"
Generated 37.0m passphrases
1.862m/s
Minimum for passphrase 1 had a distance of 12 with: "makesmewanttocry"
Generated 38.0m passphrases
1.869m/s
Minimum for passphrase 1 had a distance of 12 with: "makesmewanttocry"
Generated 39.0m passphrases
1.877m/s
Minimum for passphrase 1 had a distance of 12 with: "makesmewanttocry"
Generated 40.0m passphrases
1.885m/s
Minimum for passphrase 1 had a distance of 12 with: "makesmewanttocry"
Generated 41.0m passphrases
1.892m/s
Minimum for passphrase 1 had a distance of 12 with: "makesmewanttocry"
Generated 42.0m passphrases
1.892m/s
Minimum for passphrase 1 had a distance of 12 with: "makesmewanttocry"
Generated 43.0m passphrases
1.891m/s
Minimum for passphrase 1 had a distance of 12 with: "makesmewanttocry"
Generated 44.0m passphrases
1.892m/s
Minimum for passphrase 1 had a distance of 12 with: "makesmewanttocry"
Generated 45.0m passphrases
1.895m/s
Minimum for passphrase 1 had a distance of 12 with: "makesmewanttocry"
Generated 46.0m passphrases
1.894m/s
Minimum for passphrase 1 had a distance of 12 with: "makesmewanttocry"
Generated 47.0m passphrases
1.896m/s
Minimum for passphrase 1 had a distance of 12 with: "makesmewanttocry"
generated everything for ./lyrics/Metal/Dragonforce.txt
generated 47671760 passphrases
Minimum for passphrase 1 had a distance of 12 with: "makesmewanttocry"
No success
1.89815249256m/s
