
generating passphrases with ./lyrics/Rock/Red_Hot_Chili_Peppers.txt
Generated 1.0m passphrases
1.533m/s
Minimum for passphrase 1 had a distance of 23 with: "thisplanetthereissomethingIknow"
Generated 2.0m passphrases
1.811m/s
Minimum for passphrase 1 had a distance of 22 with: "Ipaddlethoughttheshadow"
Generated 3.0m passphrases
1.925m/s
Minimum for passphrase 1 had a distance of 22 with: "Ipaddlethoughttheshadow"
Generated 4.0m passphrases
1.99m/s
Minimum for passphrase 1 had a distance of 22 with: "Ipaddlethoughttheshadow"
Generated 5.0m passphrases
2.025m/s
Minimum for passphrase 1 had a distance of 22 with: "Ipaddlethoughttheshadow"
Generated 6.0m passphrases
2.012m/s
Minimum for passphrase 1 had a distance of 22 with: "Ipaddlethoughttheshadow"
Generated 7.0m passphrases
1.999m/s
Minimum for passphrase 1 had a distance of 22 with: "Ipaddlethoughttheshadow"
Generated 8.0m passphrases
1.972m/s
Minimum for passphrase 1 had a distance of 22 with: "Ipaddlethoughttheshadow"
Generated 9.0m passphrases
1.959m/s
Minimum for passphrase 1 had a distance of 22 with: "Ipaddlethoughttheshadow"
Generated 10.0m passphrases
1.959m/s
Minimum for passphrase 1 had a distance of 22 with: "Ipaddlethoughttheshadow"
Generated 11.0m passphrases
1.953m/s
Minimum for passphrase 1 had a distance of 22 with: "Ipaddlethoughttheshadow"
Generated 12.0m passphrases
1.949m/s
Minimum for passphrase 1 had a distance of 22 with: "Ipaddlethoughttheshadow"
Generated 13.0m passphrases
1.946m/s
Minimum for passphrase 1 had a distance of 22 with: "Ipaddlethoughttheshadow"
Generated 14.0m passphrases
1.961m/s
Minimum for passphrase 1 had a distance of 22 with: "Ipaddlethoughttheshadow"
Generated 15.0m passphrases
1.974m/s
Minimum for passphrase 1 had a distance of 22 with: "Ipaddlethoughttheshadow"
Generated 16.0m passphrases
1.985m/s
Minimum for passphrase 1 had a distance of 22 with: "Ipaddlethoughttheshadow"
Generated 17.0m passphrases
2.001m/s
Minimum for passphrase 1 had a distance of 22 with: "Ipaddlethoughttheshadow"
Generated 18.0m passphrases
1.992m/s
Minimum for passphrase 1 had a distance of 22 with: "Ipaddlethoughttheshadow"
Generated 19.0m passphrases
1.982m/s
Minimum for passphrase 1 had a distance of 22 with: "Ipaddlethoughttheshadow"
Generated 20.0m passphrases
1.975m/s
Minimum for passphrase 1 had a distance of 22 with: "Ipaddlethoughttheshadow"
Generated 21.0m passphrases
1.96m/s
Minimum for passphrase 1 had a distance of 22 with: "Ipaddlethoughttheshadow"
Generated 22.0m passphrases
1.947m/s
Minimum for passphrase 1 had a distance of 22 with: "Ipaddlethoughttheshadow"
Generated 23.0m passphrases
1.933m/s
Minimum for passphrase 1 had a distance of 22 with: "Ipaddlethoughttheshadow"
Generated 24.0m passphrases
1.916m/s
Minimum for passphrase 1 had a distance of 22 with: "Ipaddlethoughttheshadow"
Generated 25.0m passphrases
1.91m/s
Minimum for passphrase 1 had a distance of 22 with: "Ipaddlethoughttheshadow"
Generated 26.0m passphrases
1.899m/s
Minimum for passphrase 1 had a distance of 22 with: "Ipaddlethoughttheshadow"
Generated 27.0m passphrases
1.882m/s
Minimum for passphrase 1 had a distance of 22 with: "Ipaddlethoughttheshadow"
Generated 28.0m passphrases
1.878m/s
Minimum for passphrase 1 had a distance of 22 with: "Ipaddlethoughttheshadow"
Generated 29.0m passphrases
1.874m/s
Minimum for passphrase 1 had a distance of 22 with: "Ipaddlethoughttheshadow"
Generated 30.0m passphrases
1.871m/s
Minimum for passphrase 1 had a distance of 22 with: "Ipaddlethoughttheshadow"
Generated 31.0m passphrases
1.87m/s
Minimum for passphrase 1 had a distance of 22 with: "Ipaddlethoughttheshadow"
Generated 32.0m passphrases
1.871m/s
Minimum for passphrase 1 had a distance of 22 with: "Ipaddlethoughttheshadow"
Generated 33.0m passphrases
1.87m/s
Minimum for passphrase 1 had a distance of 22 with: "Ipaddlethoughttheshadow"
Generated 34.0m passphrases
1.856m/s
Minimum for passphrase 1 had a distance of 22 with: "Ipaddlethoughttheshadow"
Generated 35.0m passphrases
1.853m/s
Minimum for passphrase 1 had a distance of 22 with: "Ipaddlethoughttheshadow"
Generated 36.0m passphrases
1.849m/s
Minimum for passphrase 1 had a distance of 22 with: "Ipaddlethoughttheshadow"
Generated 37.0m passphrases
1.848m/s
Minimum for passphrase 1 had a distance of 22 with: "Ipaddlethoughttheshadow"
Generated 38.0m passphrases
1.847m/s
Minimum for passphrase 1 had a distance of 20 with: "SoIkeepaneyeontheshadow"
Generated 39.0m passphrases
1.847m/s
Minimum for passphrase 1 had a distance of 20 with: "SoIkeepaneyeontheshadow"
Generated 40.0m passphrases
1.847m/s
Minimum for passphrase 1 had a distance of 20 with: "SoIkeepaneyeontheshadow"
Generated 41.0m passphrases
1.848m/s
Minimum for passphrase 1 had a distance of 20 with: "SoIkeepaneyeontheshadow"
Generated 42.0m passphrases
1.848m/s
Minimum for passphrase 1 had a distance of 20 with: "SoIkeepaneyeontheshadow"
Generated 43.0m passphrases
1.844m/s
Minimum for passphrase 1 had a distance of 20 with: "SoIkeepaneyeontheshadow"
Generated 44.0m passphrases
1.84m/s
Minimum for passphrase 1 had a distance of 20 with: "SoIkeepaneyeontheshadow"
Generated 45.0m passphrases
1.838m/s
Minimum for passphrase 1 had a distance of 20 with: "SoIkeepaneyeontheshadow"
Generated 46.0m passphrases
1.833m/s
Minimum for passphrase 1 had a distance of 20 with: "SoIkeepaneyeontheshadow"
Generated 47.0m passphrases
1.828m/s
Minimum for passphrase 1 had a distance of 20 with: "SoIkeepaneyeontheshadow"
Generated 48.0m passphrases
1.822m/s
Minimum for passphrase 1 had a distance of 20 with: "SoIkeepaneyeontheshadow"
Generated 49.0m passphrases
1.817m/s
Minimum for passphrase 1 had a distance of 20 with: "SoIkeepaneyeontheshadow"
generated everything for ./lyrics/Rock/Red_Hot_Chili_Peppers.txt
generated 49000864 passphrases
Minimum for passphrase 1 had a distance of 20 with: "SoIkeepaneyeontheshadow"
No success
1.81693407268m/s
