
generating passphrases with ./lyrics/Other/Eels.txt
Generated 1.0m passphrases
1.203m/s
Minimum for passphrase 1 had a distance of 18 with: "Myloveisrestingunderatree"
Generated 2.0m passphrases
1.428m/s
Minimum for passphrase 1 had a distance of 18 with: "Myloveisrestingunderatree"
Generated 3.0m passphrases
1.538m/s
Minimum for passphrase 1 had a distance of 18 with: "Myloveisrestingunderatree"
Generated 4.0m passphrases
1.613m/s
Minimum for passphrase 1 had a distance of 18 with: "Myloveisrestingunderatree"
Generated 5.0m passphrases
1.656m/s
Minimum for passphrase 1 had a distance of 18 with: "Myloveisrestingunderatree"
Generated 6.0m passphrases
1.671m/s
Minimum for passphrase 1 had a distance of 18 with: "Myloveisrestingunderatree"
Generated 7.0m passphrases
1.702m/s
Minimum for passphrase 1 had a distance of 18 with: "Myloveisrestingunderatree"
Generated 8.0m passphrases
1.731m/s
Minimum for passphrase 1 had a distance of 18 with: "Myloveisrestingunderatree"
Generated 9.0m passphrases
1.747m/s
Minimum for passphrase 1 had a distance of 18 with: "Myloveisrestingunderatree"
Generated 10.0m passphrases
1.75m/s
Minimum for passphrase 1 had a distance of 18 with: "Myloveisrestingunderatree"
Generated 11.0m passphrases
1.76m/s
Minimum for passphrase 1 had a distance of 18 with: "Myloveisrestingunderatree"
Generated 12.0m passphrases
1.775m/s
Minimum for passphrase 1 had a distance of 18 with: "Myloveisrestingunderatree"
Generated 13.0m passphrases
1.784m/s
Minimum for passphrase 1 had a distance of 18 with: "Myloveisrestingunderatree"
Generated 14.0m passphrases
1.795m/s
Minimum for passphrase 1 had a distance of 18 with: "Myloveisrestingunderatree"
Generated 15.0m passphrases
1.805m/s
Minimum for passphrase 1 had a distance of 18 with: "Myloveisrestingunderatree"
Generated 16.0m passphrases
1.821m/s
Minimum for passphrase 1 had a distance of 18 with: "Myloveisrestingunderatree"
Generated 17.0m passphrases
1.845m/s
Minimum for passphrase 1 had a distance of 18 with: "Myloveisrestingunderatree"
Generated 18.0m passphrases
1.87m/s
Minimum for passphrase 1 had a distance of 18 with: "Myloveisrestingunderatree"
Generated 19.0m passphrases
1.893m/s
Minimum for passphrase 1 had a distance of 18 with: "Myloveisrestingunderatree"
Generated 20.0m passphrases
1.906m/s
Minimum for passphrase 1 had a distance of 18 with: "Myloveisrestingunderatree"
Generated 21.0m passphrases
1.924m/s
Minimum for passphrase 1 had a distance of 18 with: "Myloveisrestingunderatree"
Generated 22.0m passphrases
1.922m/s
Minimum for passphrase 1 had a distance of 18 with: "Myloveisrestingunderatree"
Generated 23.0m passphrases
1.919m/s
Minimum for passphrase 1 had a distance of 18 with: "Myloveisrestingunderatree"
Generated 24.0m passphrases
1.912m/s
Minimum for passphrase 1 had a distance of 18 with: "Myloveisrestingunderatree"
generated everything for ./lyrics/Other/Eels.txt

generating passphrases with ./quotes/English/nick_lowe.txt
Generated 25.0m passphrases
1.904m/s
Minimum for passphrase 1 had a distance of 18 with: "Myloveisrestingunderatree"
generated everything for ./quotes/English/nick_lowe.txt

generating passphrases with ./quotes/Musician/nick_lowe.txt
Generated 26.0m passphrases
1.902m/s
Minimum for passphrase 1 had a distance of 18 with: "Myloveisrestingunderatree"
Generated 27.0m passphrases
1.899m/s
Minimum for passphrase 1 had a distance of 18 with: "Myloveisrestingunderatree"
generated everything for ./quotes/Musician/nick_lowe.txt

generating passphrases with ./lyrics/Other/Grouper.txt
generated everything for ./lyrics/Other/Grouper.txt

generating passphrases with ./lyrics/Other/Godspeed_You!_Black_Emperor.txt
Generated 28.0m passphrases
1.896m/s
Minimum for passphrase 1 had a distance of 18 with: "Myloveisrestingunderatree"
Generated 29.0m passphrases
1.894m/s
Minimum for passphrase 1 had a distance of 18 with: "Myloveisrestingunderatree"
Generated 30.0m passphrases
1.892m/s
Minimum for passphrase 1 had a distance of 18 with: "Myloveisrestingunderatree"
Generated 31.0m passphrases
1.889m/s
Minimum for passphrase 1 had a distance of 18 with: "Myloveisrestingunderatree"
Generated 32.0m passphrases
1.887m/s
Minimum for passphrase 1 had a distance of 18 with: "Myloveisrestingunderatree"
Generated 33.0m passphrases
1.886m/s
Minimum for passphrase 1 had a distance of 18 with: "Myloveisrestingunderatree"
Generated 34.0m passphrases
1.882m/s
Minimum for passphrase 1 had a distance of 18 with: "Myloveisrestingunderatree"
generated everything for ./lyrics/Other/Godspeed_You!_Black_Emperor.txt
generated 34631116 passphrases
Minimum for passphrase 1 had a distance of 18 with: "Myloveisrestingunderatree"
No success
1.88188796343m/s
