
generating passphrases with ./lyrics/Rock/Red_Hot_Chili_Peppers.txt
Generated 1.0m passphrases
1.108m/s
Minimum for passphrase 1 had a distance of 19 with: "waytoopeneconomicdoors"
Generated 2.0m passphrases
1.207m/s
Minimum for passphrase 1 had a distance of 19 with: "waytoopeneconomicdoors"
Generated 3.0m passphrases
1.275m/s
Minimum for passphrase 1 had a distance of 19 with: "waytoopeneconomicdoors"
Generated 4.0m passphrases
1.355m/s
Minimum for passphrase 1 had a distance of 18 with: "getawaycanttakeitfor"
Generated 5.0m passphrases
1.43m/s
Minimum for passphrase 1 had a distance of 18 with: "getawaycanttakeitfor"
Generated 6.0m passphrases
1.461m/s
Minimum for passphrase 1 had a distance of 18 with: "getawaycanttakeitfor"
Generated 7.0m passphrases
1.485m/s
Minimum for passphrase 1 had a distance of 18 with: "getawaycanttakeitfor"
Generated 8.0m passphrases
1.5m/s
Minimum for passphrase 1 had a distance of 18 with: "getawaycanttakeitfor"
Generated 9.0m passphrases
1.524m/s
Minimum for passphrase 1 had a distance of 18 with: "getawaycanttakeitfor"
Generated 10.0m passphrases
1.533m/s
Minimum for passphrase 1 had a distance of 18 with: "getawaycanttakeitfor"
Generated 11.0m passphrases
1.535m/s
Minimum for passphrase 1 had a distance of 18 with: "getawaycanttakeitfor"
Generated 12.0m passphrases
1.542m/s
Minimum for passphrase 1 had a distance of 18 with: "getawaycanttakeitfor"
Generated 13.0m passphrases
1.549m/s
Minimum for passphrase 1 had a distance of 17 with: "Dontyouwannaridegirl"
Generated 14.0m passphrases
1.542m/s
Minimum for passphrase 1 had a distance of 17 with: "Dontyouwannaridegirl"
Generated 15.0m passphrases
1.522m/s
Minimum for passphrase 1 had a distance of 17 with: "Dontyouwannaridegirl"
Generated 16.0m passphrases
1.5m/s
Minimum for passphrase 1 had a distance of 17 with: "Dontyouwannaridegirl"
Generated 17.0m passphrases
1.494m/s
Minimum for passphrase 1 had a distance of 17 with: "Dontyouwannaridegirl"
Generated 18.0m passphrases
1.486m/s
Minimum for passphrase 1 had a distance of 16 with: "shottothecornerstore"
Generated 19.0m passphrases
1.479m/s
Minimum for passphrase 1 had a distance of 16 with: "shottothecornerstore"
Generated 20.0m passphrases
1.478m/s
Minimum for passphrase 1 had a distance of 16 with: "shottothecornerstore"
Generated 21.0m passphrases
1.474m/s
Minimum for passphrase 1 had a distance of 16 with: "shottothecornerstore"
Generated 22.0m passphrases
1.469m/s
Minimum for passphrase 1 had a distance of 16 with: "shottothecornerstore"
Generated 23.0m passphrases
1.461m/s
Minimum for passphrase 1 had a distance of 16 with: "shottothecornerstore"
Generated 24.0m passphrases
1.47m/s
Minimum for passphrase 1 had a distance of 16 with: "shottothecornerstore"
Generated 25.0m passphrases
1.484m/s
Minimum for passphrase 1 had a distance of 16 with: "shottothecornerstore"
Generated 26.0m passphrases
1.487m/s
Minimum for passphrase 1 had a distance of 16 with: "shottothecornerstore"
Generated 27.0m passphrases
1.489m/s
Minimum for passphrase 1 had a distance of 16 with: "shottothecornerstore"
Generated 28.0m passphrases
1.49m/s
Minimum for passphrase 1 had a distance of 16 with: "shottothecornerstore"
Generated 29.0m passphrases
1.489m/s
Minimum for passphrase 1 had a distance of 16 with: "shottothecornerstore"
Generated 30.0m passphrases
1.491m/s
Minimum for passphrase 1 had a distance of 16 with: "shottothecornerstore"
Generated 31.0m passphrases
1.496m/s
Minimum for passphrase 1 had a distance of 16 with: "shottothecornerstore"
Generated 32.0m passphrases
1.503m/s
Minimum for passphrase 1 had a distance of 16 with: "shottothecornerstore"
Generated 33.0m passphrases
1.508m/s
Minimum for passphrase 1 had a distance of 16 with: "shottothecornerstore"
Generated 34.0m passphrases
1.509m/s
Minimum for passphrase 1 had a distance of 16 with: "shottothecornerstore"
Generated 35.0m passphrases
1.51m/s
Minimum for passphrase 1 had a distance of 16 with: "shottothecornerstore"
Generated 36.0m passphrases
1.517m/s
Minimum for passphrase 1 had a distance of 16 with: "shottothecornerstore"
Generated 37.0m passphrases
1.521m/s
Minimum for passphrase 1 had a distance of 16 with: "shottothecornerstore"
Generated 38.0m passphrases
1.531m/s
Minimum for passphrase 1 had a distance of 16 with: "shottothecornerstore"
Generated 39.0m passphrases
1.54m/s
Minimum for passphrase 1 had a distance of 16 with: "shottothecornerstore"
Generated 40.0m passphrases
1.551m/s
Minimum for passphrase 1 had a distance of 16 with: "shottothecornerstore"
Generated 41.0m passphrases
1.562m/s
Minimum for passphrase 1 had a distance of 16 with: "shottothecornerstore"
Generated 42.0m passphrases
1.573m/s
Minimum for passphrase 1 had a distance of 16 with: "shottothecornerstore"
Generated 43.0m passphrases
1.581m/s
Minimum for passphrase 1 had a distance of 16 with: "shottothecornerstore"
Generated 44.0m passphrases
1.589m/s
Minimum for passphrase 1 had a distance of 16 with: "shottothecornerstore"
Generated 45.0m passphrases
1.597m/s
Minimum for passphrase 1 had a distance of 16 with: "shottothecornerstore"
Generated 46.0m passphrases
1.604m/s
Minimum for passphrase 1 had a distance of 16 with: "shottothecornerstore"
Generated 47.0m passphrases
1.61m/s
Minimum for passphrase 1 had a distance of 16 with: "shottothecornerstore"
Generated 48.0m passphrases
1.616m/s
Minimum for passphrase 1 had a distance of 16 with: "shottothecornerstore"
Generated 49.0m passphrases
1.621m/s
Minimum for passphrase 1 had a distance of 16 with: "shottothecornerstore"
generated everything for ./lyrics/Rock/Red_Hot_Chili_Peppers.txt

generating passphrases with ./lyrics/Metal/System_of_a_Down.txt
Generated 50.0m passphrases
1.625m/s
Minimum for passphrase 1 had a distance of 16 with: "shottothecornerstore"
Generated 51.0m passphrases
1.629m/s
Minimum for passphrase 1 had a distance of 16 with: "shottothecornerstore"
Generated 52.0m passphrases
1.628m/s
Minimum for passphrase 1 had a distance of 16 with: "shottothecornerstore"
Generated 53.0m passphrases
1.629m/s
Minimum for passphrase 1 had a distance of 16 with: "shottothecornerstore"
Generated 54.0m passphrases
1.633m/s
Minimum for passphrase 1 had a distance of 16 with: "shottothecornerstore"
Generated 55.0m passphrases
1.636m/s
Minimum for passphrase 1 had a distance of 16 with: "shottothecornerstore"
Generated 56.0m passphrases
1.639m/s
Minimum for passphrase 1 had a distance of 16 with: "shottothecornerstore"
Generated 57.0m passphrases
1.643m/s
Minimum for passphrase 1 had a distance of 16 with: "shottothecornerstore"
Generated 58.0m passphrases
1.646m/s
Minimum for passphrase 1 had a distance of 16 with: "shottothecornerstore"
Generated 59.0m passphrases
1.648m/s
Minimum for passphrase 1 had a distance of 16 with: "shottothecornerstore"
Generated 60.0m passphrases
1.652m/s
Minimum for passphrase 1 had a distance of 16 with: "shottothecornerstore"
Generated 61.0m passphrases
1.655m/s
Minimum for passphrase 1 had a distance of 16 with: "shottothecornerstore"
generated everything for ./lyrics/Metal/System_of_a_Down.txt
generated 61230944 passphrases
Minimum for passphrase 1 had a distance of 16 with: "shottothecornerstore"
No success
1.65603044012m/s
