
generating passphrases with ./quotes/American/stanley_kubrick.txt
Generated 1.0m passphrases
1.74m/s
Minimum for passphrase 1 had a distance of 23 with: "shouldbe-morelikemusic"
generated everything for ./quotes/American/stanley_kubrick.txt

generating passphrases with ./quotes/Director/stanley_kubrick.txt
Generated 2.0m passphrases
1.898m/s
Minimum for passphrase 1 had a distance of 23 with: "shouldbe-morelikemusic"
Generated 3.0m passphrases
1.858m/s
Minimum for passphrase 1 had a distance of 23 with: "shouldbe-morelikemusic"
generated everything for ./quotes/Director/stanley_kubrick.txt

generating passphrases with ./quotes/American/david_lynch.txt
Generated 4.0m passphrases
1.8m/s
Minimum for passphrase 1 had a distance of 22 with: "reallycantbesaidsowellwith"
Generated 5.0m passphrases
1.809m/s
Minimum for passphrase 1 had a distance of 22 with: "reallycantbesaidsowellwith"
Generated 6.0m passphrases
1.816m/s
Minimum for passphrase 1 had a distance of 22 with: "reallycantbesaidsowellwith"
Generated 7.0m passphrases
1.873m/s
Minimum for passphrase 1 had a distance of 22 with: "reallycantbesaidsowellwith"
generated everything for ./quotes/American/david_lynch.txt

generating passphrases with ./quotes/Director/david_lynch.txt
Generated 8.0m passphrases
1.925m/s
Minimum for passphrase 1 had a distance of 22 with: "reallycantbesaidsowellwith"
Generated 9.0m passphrases
1.961m/s
Minimum for passphrase 1 had a distance of 22 with: "reallycantbesaidsowellwith"
Generated 10.0m passphrases
1.99m/s
Minimum for passphrase 1 had a distance of 22 with: "reallycantbesaidsowellwith"
Generated 11.0m passphrases
2.015m/s
Minimum for passphrase 1 had a distance of 22 with: "reallycantbesaidsowellwith"
generated everything for ./quotes/Director/david_lynch.txt

generating passphrases with ./lyrics/Other/Joe_Jackson.txt
Generated 12.0m passphrases
2.045m/s
Minimum for passphrase 1 had a distance of 22 with: "reallycantbesaidsowellwith"
Generated 13.0m passphrases
2.066m/s
Minimum for passphrase 1 had a distance of 22 with: "reallycantbesaidsowellwith"
Generated 14.0m passphrases
2.085m/s
Minimum for passphrase 1 had a distance of 22 with: "reallycantbesaidsowellwith"
Generated 15.0m passphrases
2.102m/s
Minimum for passphrase 1 had a distance of 22 with: "reallycantbesaidsowellwith"
Generated 16.0m passphrases
2.109m/s
Minimum for passphrase 1 had a distance of 22 with: "reallycantbesaidsowellwith"
Generated 17.0m passphrases
2.103m/s
Minimum for passphrase 1 had a distance of 22 with: "reallycantbesaidsowellwith"
Generated 18.0m passphrases
2.089m/s
Minimum for passphrase 1 had a distance of 21 with: "Andbeforemyeyes"
Generated 19.0m passphrases
2.076m/s
Minimum for passphrase 1 had a distance of 21 with: "Andbeforemyeyes"
Generated 20.0m passphrases
2.062m/s
Minimum for passphrase 1 had a distance of 21 with: "Andbeforemyeyes"
Generated 21.0m passphrases
2.053m/s
Minimum for passphrase 1 had a distance of 21 with: "Andbeforemyeyes"
Generated 22.0m passphrases
2.031m/s
Minimum for passphrase 1 had a distance of 21 with: "Andbeforemyeyes"
Generated 23.0m passphrases
2.025m/s
Minimum for passphrase 1 had a distance of 21 with: "Andbeforemyeyes"
Generated 24.0m passphrases
2.018m/s
Minimum for passphrase 1 had a distance of 21 with: "Andbeforemyeyes"
Generated 25.0m passphrases
2.011m/s
Minimum for passphrase 1 had a distance of 21 with: "Andbeforemyeyes"
Generated 26.0m passphrases
2.006m/s
Minimum for passphrase 1 had a distance of 21 with: "Andbeforemyeyes"
Generated 27.0m passphrases
2.003m/s
Minimum for passphrase 1 had a distance of 21 with: "Andbeforemyeyes"
Generated 28.0m passphrases
1.998m/s
Minimum for passphrase 1 had a distance of 21 with: "Andbeforemyeyes"
Generated 29.0m passphrases
1.992m/s
Minimum for passphrase 1 had a distance of 21 with: "Andbeforemyeyes"
Generated 30.0m passphrases
1.988m/s
Minimum for passphrase 1 had a distance of 20 with: "Ahanothertasteofcheapdelight"
Generated 31.0m passphrases
1.981m/s
Minimum for passphrase 1 had a distance of 20 with: "Ahanothertasteofcheapdelight"
Generated 32.0m passphrases
1.976m/s
Minimum for passphrase 1 had a distance of 20 with: "Ahanothertasteofcheapdelight"
Generated 33.0m passphrases
1.971m/s
Minimum for passphrase 1 had a distance of 20 with: "Ahanothertasteofcheapdelight"
Generated 34.0m passphrases
1.966m/s
Minimum for passphrase 1 had a distance of 20 with: "Ahanothertasteofcheapdelight"
generated everything for ./lyrics/Other/Joe_Jackson.txt
generated 34582900 passphrases
Minimum for passphrase 1 had a distance of 20 with: "Ahanothertasteofcheapdelight"
No success
1.96380184302m/s
