
generating passphrases with ./lyrics/Metal/Iron_Maiden.txt
Generated 1.0m passphrases
1.136m/s
Minimum for passphrase 1 had a distance of 12 with: "DontknowwhatIwant"
Generated 2.0m passphrases
1.392m/s
Minimum for passphrase 1 had a distance of 12 with: "DontknowwhatIwant"
Generated 3.0m passphrases
1.487m/s
Minimum for passphrase 1 had a distance of 12 with: "DontknowwhatIwant"
Generated 4.0m passphrases
1.563m/s
Minimum for passphrase 1 had a distance of 12 with: "DontknowwhatIwant"
Generated 5.0m passphrases
1.599m/s
Minimum for passphrase 1 had a distance of 10 with: "dontknowwhatthey"
Generated 6.0m passphrases
1.632m/s
Minimum for passphrase 1 had a distance of 10 with: "dontknowwhatthey"
Generated 7.0m passphrases
1.666m/s
Minimum for passphrase 1 had a distance of 10 with: "dontknowwhatthey"
Generated 8.0m passphrases
1.691m/s
Minimum for passphrase 1 had a distance of 10 with: "dontknowwhatthey"
Generated 9.0m passphrases
1.704m/s
Minimum for passphrase 1 had a distance of 10 with: "dontknowwhatthey"
Generated 10.0m passphrases
1.71m/s
Minimum for passphrase 1 had a distance of 10 with: "dontknowwhatthey"
Generated 11.0m passphrases
1.701m/s
Minimum for passphrase 1 had a distance of 10 with: "dontknowwhatthey"
Generated 12.0m passphrases
1.718m/s
Minimum for passphrase 1 had a distance of 10 with: "dontknowwhatthey"
Generated 13.0m passphrases
1.728m/s
Minimum for passphrase 1 had a distance of 10 with: "dontknowwhatthey"
Generated 14.0m passphrases
1.737m/s
Minimum for passphrase 1 had a distance of 10 with: "dontknowwhatthey"
Generated 15.0m passphrases
1.74m/s
Minimum for passphrase 1 had a distance of 10 with: "dontknowwhatthey"
Generated 16.0m passphrases
1.736m/s
Minimum for passphrase 1 had a distance of 10 with: "dontknowwhatthey"
Generated 17.0m passphrases
1.739m/s
Minimum for passphrase 1 had a distance of 10 with: "dontknowwhatthey"
Generated 18.0m passphrases
1.765m/s
Minimum for passphrase 1 had a distance of 10 with: "dontknowwhatthey"
Generated 19.0m passphrases
1.788m/s
Minimum for passphrase 1 had a distance of 10 with: "dontknowwhatthey"
Generated 20.0m passphrases
1.811m/s
Minimum for passphrase 1 had a distance of 10 with: "dontknowwhatthey"
Generated 21.0m passphrases
1.833m/s
Minimum for passphrase 1 had a distance of 10 with: "dontknowwhatthey"
Generated 22.0m passphrases
1.836m/s
Minimum for passphrase 1 had a distance of 10 with: "dontknowwhatthey"
Generated 23.0m passphrases
1.839m/s
Minimum for passphrase 1 had a distance of 10 with: "dontknowwhatthey"
Generated 24.0m passphrases
1.838m/s
Minimum for passphrase 1 had a distance of 10 with: "dontknowwhatthey"
Generated 25.0m passphrases
1.832m/s
Minimum for passphrase 1 had a distance of 10 with: "dontknowwhatthey"
Generated 26.0m passphrases
1.828m/s
Minimum for passphrase 1 had a distance of 10 with: "dontknowwhatthey"
Generated 27.0m passphrases
1.83m/s
Minimum for passphrase 1 had a distance of 10 with: "dontknowwhatthey"
Generated 28.0m passphrases
1.831m/s
Minimum for passphrase 1 had a distance of 10 with: "dontknowwhatthey"
Generated 29.0m passphrases
1.833m/s
Minimum for passphrase 1 had a distance of 10 with: "dontknowwhatthey"
Generated 30.0m passphrases
1.834m/s
Minimum for passphrase 1 had a distance of 10 with: "dontknowwhatthey"
Generated 31.0m passphrases
1.835m/s
Minimum for passphrase 1 had a distance of 10 with: "dontknowwhatthey"
Generated 32.0m passphrases
1.839m/s
Minimum for passphrase 1 had a distance of 10 with: "dontknowwhatthey"
Generated 33.0m passphrases
1.839m/s
Minimum for passphrase 1 had a distance of 10 with: "dontknowwhatthey"
Generated 34.0m passphrases
1.838m/s
Minimum for passphrase 1 had a distance of 10 with: "dontknowwhatthey"
Generated 35.0m passphrases
1.839m/s
Minimum for passphrase 1 had a distance of 10 with: "dontknowwhatthey"
Generated 36.0m passphrases
1.837m/s
Minimum for passphrase 1 had a distance of 10 with: "dontknowwhatthey"
Generated 37.0m passphrases
1.836m/s
Minimum for passphrase 1 had a distance of 10 with: "dontknowwhatthey"
Generated 38.0m passphrases
1.836m/s
Minimum for passphrase 1 had a distance of 10 with: "dontknowwhatthey"
Generated 39.0m passphrases
1.831m/s
Minimum for passphrase 1 had a distance of 10 with: "dontknowwhatthey"
Generated 40.0m passphrases
1.831m/s
Minimum for passphrase 1 had a distance of 10 with: "dontknowwhatthey"
Generated 41.0m passphrases
1.832m/s
Minimum for passphrase 1 had a distance of 10 with: "dontknowwhatthey"
Generated 42.0m passphrases
1.833m/s
Minimum for passphrase 1 had a distance of 10 with: "dontknowwhatthey"
Generated 43.0m passphrases
1.833m/s
Minimum for passphrase 1 had a distance of 10 with: "dontknowwhatthey"
Generated 44.0m passphrases
1.832m/s
Minimum for passphrase 1 had a distance of 10 with: "dontknowwhatthey"
generated everything for ./lyrics/Metal/Iron_Maiden.txt

generating passphrases with ./lyrics/Metal/Hammerfall.txt
Generated 45.0m passphrases
1.834m/s
Minimum for passphrase 1 had a distance of 10 with: "dontknowwhatthey"
Generated 46.0m passphrases
1.834m/s
Minimum for passphrase 1 had a distance of 10 with: "dontknowwhatthey"
Generated 47.0m passphrases
1.833m/s
Minimum for passphrase 1 had a distance of 10 with: "dontknowwhatthey"
Generated 48.0m passphrases
1.833m/s
Minimum for passphrase 1 had a distance of 10 with: "dontknowwhatthey"
Generated 49.0m passphrases
1.833m/s
Minimum for passphrase 1 had a distance of 10 with: "dontknowwhatthey"
Generated 50.0m passphrases
1.833m/s
Minimum for passphrase 1 had a distance of 9 with: "dontknowwhatitslike"
Generated 51.0m passphrases
1.834m/s
Minimum for passphrase 1 had a distance of 9 with: "dontknowwhatitslike"
Generated 52.0m passphrases
1.833m/s
Minimum for passphrase 1 had a distance of 9 with: "dontknowwhatitslike"
Generated 53.0m passphrases
1.831m/s
Minimum for passphrase 1 had a distance of 9 with: "dontknowwhatitslike"
Generated 54.0m passphrases
1.827m/s
Minimum for passphrase 1 had a distance of 9 with: "dontknowwhatitslike"
Generated 55.0m passphrases
1.825m/s
Minimum for passphrase 1 had a distance of 9 with: "dontknowwhatitslike"
generated everything for ./lyrics/Metal/Hammerfall.txt
generated 55323984 passphrases
Minimum for passphrase 1 had a distance of 9 with: "dontknowwhatitslike"
No success
1.82526467084m/s
