
generating passphrases with ./quotes/Actor/kevin_spacey.txt
Generated 1.0m passphrases
1.459m/s
Minimum for passphrase 1 had a distance of 15 with: "filmcanbepowerful"
Generated 2.0m passphrases
1.73m/s
Minimum for passphrase 1 had a distance of 14 with: "walkonscreenand"
Generated 3.0m passphrases
1.771m/s
Minimum for passphrase 1 had a distance of 14 with: "walkonscreenand"
Generated 4.0m passphrases
1.781m/s
Minimum for passphrase 1 had a distance of 14 with: "walkonscreenand"
Generated 5.0m passphrases
1.778m/s
Minimum for passphrase 1 had a distance of 14 with: "walkonscreenand"
Generated 6.0m passphrases
1.789m/s
Minimum for passphrase 1 had a distance of 14 with: "walkonscreenand"
Generated 7.0m passphrases
1.799m/s
Minimum for passphrase 1 had a distance of 14 with: "walkonscreenand"
Generated 8.0m passphrases
1.805m/s
Minimum for passphrase 1 had a distance of 13 with: "almosthearpeople"
Generated 9.0m passphrases
1.81m/s
Minimum for passphrase 1 had a distance of 13 with: "almosthearpeople"
Generated 10.0m passphrases
1.837m/s
Minimum for passphrase 1 had a distance of 13 with: "almosthearpeople"
Generated 11.0m passphrases
1.871m/s
Minimum for passphrase 1 had a distance of 13 with: "almosthearpeople"
Generated 12.0m passphrases
1.904m/s
Minimum for passphrase 1 had a distance of 13 with: "almosthearpeople"
generated everything for ./quotes/Actor/kevin_spacey.txt

generating passphrases with ./quotes/American/kevin_spacey.txt
Generated 13.0m passphrases
1.928m/s
Minimum for passphrase 1 had a distance of 13 with: "almosthearpeople"
Generated 14.0m passphrases
1.951m/s
Minimum for passphrase 1 had a distance of 13 with: "almosthearpeople"
Generated 15.0m passphrases
1.964m/s
Minimum for passphrase 1 had a distance of 13 with: "almosthearpeople"
Generated 16.0m passphrases
1.965m/s
Minimum for passphrase 1 had a distance of 13 with: "almosthearpeople"
Generated 17.0m passphrases
1.957m/s
Minimum for passphrase 1 had a distance of 13 with: "almosthearpeople"
Generated 18.0m passphrases
1.953m/s
Minimum for passphrase 1 had a distance of 13 with: "almosthearpeople"
Generated 19.0m passphrases
1.951m/s
Minimum for passphrase 1 had a distance of 13 with: "almosthearpeople"
Generated 20.0m passphrases
1.948m/s
Minimum for passphrase 1 had a distance of 13 with: "almosthearpeople"
Generated 21.0m passphrases
1.944m/s
Minimum for passphrase 1 had a distance of 13 with: "almosthearpeople"
Generated 22.0m passphrases
1.944m/s
Minimum for passphrase 1 had a distance of 13 with: "almosthearpeople"
Generated 23.0m passphrases
1.959m/s
Minimum for passphrase 1 had a distance of 13 with: "almosthearpeople"
Generated 24.0m passphrases
1.973m/s
Minimum for passphrase 1 had a distance of 13 with: "almosthearpeople"
generated everything for ./quotes/American/kevin_spacey.txt
generated 24115640 passphrases
Minimum for passphrase 1 had a distance of 13 with: "almosthearpeople"
No success
1.97406789693m/s
