
generating passphrases with ./lyrics/Rock/AC-DC.txt
Generated 1.0m passphrases
1.207m/s
Minimum for passphrase 1 had a distance of 19 with: "youladsthankyouHightailin"
Generated 2.0m passphrases
1.411m/s
Minimum for passphrase 1 had a distance of 19 with: "youladsthankyouHightailin"
Generated 3.0m passphrases
1.487m/s
Minimum for passphrase 1 had a distance of 19 with: "youladsthankyouHightailin"
Generated 4.0m passphrases
1.547m/s
Minimum for passphrase 1 had a distance of 19 with: "youladsthankyouHightailin"
Generated 5.0m passphrases
1.594m/s
Minimum for passphrase 1 had a distance of 18 with: "eyedandyourewaiting"
Generated 6.0m passphrases
1.621m/s
Minimum for passphrase 1 had a distance of 18 with: "eyedandyourewaiting"
Generated 7.0m passphrases
1.638m/s
Minimum for passphrase 1 had a distance of 18 with: "eyedandyourewaiting"
Generated 8.0m passphrases
1.647m/s
Minimum for passphrase 1 had a distance of 18 with: "eyedandyourewaiting"
Generated 9.0m passphrases
1.655m/s
Minimum for passphrase 1 had a distance of 18 with: "eyedandyourewaiting"
Generated 10.0m passphrases
1.67m/s
Minimum for passphrase 1 had a distance of 18 with: "eyedandyourewaiting"
Generated 11.0m passphrases
1.677m/s
Minimum for passphrase 1 had a distance of 18 with: "eyedandyourewaiting"
Generated 12.0m passphrases
1.681m/s
Minimum for passphrase 1 had a distance of 17 with: "Youandmebabywereall"
Generated 13.0m passphrases
1.689m/s
Minimum for passphrase 1 had a distance of 17 with: "Youandmebabywereall"
Generated 14.0m passphrases
1.695m/s
Minimum for passphrase 1 had a distance of 17 with: "Youandmebabywereall"
generated everything for ./lyrics/Rock/AC-DC.txt

generating passphrases with ./lyrics/Rock/Anouk.txt
Generated 15.0m passphrases
1.695m/s
Minimum for passphrase 1 had a distance of 17 with: "Youandmebabywereall"
Generated 16.0m passphrases
1.693m/s
Minimum for passphrase 1 had a distance of 17 with: "Youandmebabywereall"
Generated 17.0m passphrases
1.698m/s
Minimum for passphrase 1 had a distance of 17 with: "Youandmebabywereall"
Generated 18.0m passphrases
1.722m/s
Minimum for passphrase 1 had a distance of 17 with: "Youandmebabywereall"
Generated 19.0m passphrases
1.746m/s
Minimum for passphrase 1 had a distance of 17 with: "Youandmebabywereall"
Generated 20.0m passphrases
1.767m/s
Minimum for passphrase 1 had a distance of 17 with: "Youandmebabywereall"
Generated 21.0m passphrases
1.778m/s
Minimum for passphrase 1 had a distance of 17 with: "Youandmebabywereall"
Generated 22.0m passphrases
1.765m/s
Minimum for passphrase 1 had a distance of 17 with: "Youandmebabywereall"
Generated 23.0m passphrases
1.763m/s
Minimum for passphrase 1 had a distance of 17 with: "Youandmebabywereall"
Generated 24.0m passphrases
1.769m/s
Minimum for passphrase 1 had a distance of 17 with: "Youandmebabywereall"
Generated 25.0m passphrases
1.77m/s
Minimum for passphrase 1 had a distance of 17 with: "Youandmebabywereall"
Generated 26.0m passphrases
1.766m/s
Minimum for passphrase 1 had a distance of 17 with: "Youandmebabywereall"
Generated 27.0m passphrases
1.74m/s
Minimum for passphrase 1 had a distance of 17 with: "Youandmebabywereall"
Generated 28.0m passphrases
1.701m/s
Minimum for passphrase 1 had a distance of 17 with: "Youandmebabywereall"
Generated 29.0m passphrases
1.714m/s
Minimum for passphrase 1 had a distance of 17 with: "Youandmebabywereall"
Generated 30.0m passphrases
1.72m/s
Minimum for passphrase 1 had a distance of 17 with: "Youandmebabywereall"
Generated 31.0m passphrases
1.698m/s
Minimum for passphrase 1 had a distance of 17 with: "Youandmebabywereall"
Generated 32.0m passphrases
1.707m/s
Minimum for passphrase 1 had a distance of 17 with: "Youandmebabywereall"
Generated 33.0m passphrases
1.705m/s
Minimum for passphrase 1 had a distance of 17 with: "Youandmebabywereall"
Generated 34.0m passphrases
1.708m/s
Minimum for passphrase 1 had a distance of 17 with: "Youandmebabywereall"
Generated 35.0m passphrases
1.708m/s
Minimum for passphrase 1 had a distance of 17 with: "Youandmebabywereall"
Generated 36.0m passphrases
1.71m/s
Minimum for passphrase 1 had a distance of 17 with: "Youandmebabywereall"
Generated 37.0m passphrases
1.718m/s
Minimum for passphrase 1 had a distance of 17 with: "Youandmebabywereall"
Generated 38.0m passphrases
1.731m/s
Minimum for passphrase 1 had a distance of 17 with: "Youandmebabywereall"
Generated 39.0m passphrases
1.742m/s
Minimum for passphrase 1 had a distance of 17 with: "Youandmebabywereall"
Generated 40.0m passphrases
1.753m/s
Minimum for passphrase 1 had a distance of 17 with: "Youandmebabywereall"
Generated 41.0m passphrases
1.759m/s
Minimum for passphrase 1 had a distance of 17 with: "Youandmebabywereall"
Generated 42.0m passphrases
1.761m/s
Minimum for passphrase 1 had a distance of 17 with: "Youandmebabywereall"
Generated 43.0m passphrases
1.762m/s
Minimum for passphrase 1 had a distance of 17 with: "Youandmebabywereall"
Generated 44.0m passphrases
1.761m/s
Minimum for passphrase 1 had a distance of 17 with: "Youandmebabywereall"
Generated 45.0m passphrases
1.762m/s
Minimum for passphrase 1 had a distance of 17 with: "Youandmebabywereall"
Generated 46.0m passphrases
1.762m/s
Minimum for passphrase 1 had a distance of 17 with: "Youandmebabywereall"
Generated 47.0m passphrases
1.76m/s
Minimum for passphrase 1 had a distance of 17 with: "Youandmebabywereall"
Generated 48.0m passphrases
1.757m/s
Minimum for passphrase 1 had a distance of 17 with: "Youandmebabywereall"
generated everything for ./lyrics/Rock/Anouk.txt

generating passphrases with ./lyrics/Rock/Guns_N_Roses.txt
Generated 49.0m passphrases
1.758m/s
Minimum for passphrase 1 had a distance of 17 with: "Youandmebabywereall"
Generated 50.0m passphrases
1.758m/s
Minimum for passphrase 1 had a distance of 17 with: "Youandmebabywereall"
Generated 51.0m passphrases
1.759m/s
Minimum for passphrase 1 had a distance of 17 with: "Youandmebabywereall"
Generated 52.0m passphrases
1.759m/s
Minimum for passphrase 1 had a distance of 17 with: "Youandmebabywereall"
Generated 53.0m passphrases
1.761m/s
Minimum for passphrase 1 had a distance of 17 with: "Youandmebabywereall"
Generated 54.0m passphrases
1.761m/s
Minimum for passphrase 1 had a distance of 17 with: "Youandmebabywereall"
Generated 55.0m passphrases
1.762m/s
Minimum for passphrase 1 had a distance of 17 with: "Youandmebabywereall"
Generated 56.0m passphrases
1.761m/s
Minimum for passphrase 1 had a distance of 17 with: "Youandmebabywereall"
Generated 57.0m passphrases
1.762m/s
Minimum for passphrase 1 had a distance of 17 with: "Youandmebabywereall"
Generated 58.0m passphrases
1.762m/s
Minimum for passphrase 1 had a distance of 17 with: "Youandmebabywereall"
Generated 59.0m passphrases
1.762m/s
Minimum for passphrase 1 had a distance of 17 with: "Youandmebabywereall"
Generated 60.0m passphrases
1.763m/s
Minimum for passphrase 1 had a distance of 17 with: "Youandmebabywereall"
Generated 61.0m passphrases
1.763m/s
Minimum for passphrase 1 had a distance of 17 with: "Youandmebabywereall"
Generated 62.0m passphrases
1.763m/s
Minimum for passphrase 1 had a distance of 17 with: "Youandmebabywereall"
Generated 63.0m passphrases
1.764m/s
Minimum for passphrase 1 had a distance of 17 with: "Youandmebabywereall"
Generated 64.0m passphrases
1.765m/s
Minimum for passphrase 1 had a distance of 17 with: "Youandmebabywereall"
Generated 65.0m passphrases
1.765m/s
Minimum for passphrase 1 had a distance of 17 with: "Youandmebabywereall"
Generated 66.0m passphrases
1.766m/s
Minimum for passphrase 1 had a distance of 17 with: "Youandmebabywereall"
generated everything for ./lyrics/Rock/Guns_N_Roses.txt

generating passphrases with ./lyrics/Rock/Pink_Floyd.txt
Generated 67.0m passphrases
1.766m/s
Minimum for passphrase 1 had a distance of 17 with: "Youandmebabywereall"
Generated 68.0m passphrases
1.766m/s
Minimum for passphrase 1 had a distance of 17 with: "Youandmebabywereall"
Generated 69.0m passphrases
1.767m/s
Minimum for passphrase 1 had a distance of 17 with: "Youandmebabywereall"
Generated 70.0m passphrases
1.767m/s
Minimum for passphrase 1 had a distance of 17 with: "Youandmebabywereall"
Generated 71.0m passphrases
1.766m/s
Minimum for passphrase 1 had a distance of 17 with: "Youandmebabywereall"
Generated 72.0m passphrases
1.763m/s
Minimum for passphrase 1 had a distance of 17 with: "Youandmebabywereall"
Generated 73.0m passphrases
1.762m/s
Minimum for passphrase 1 had a distance of 17 with: "Youandmebabywereall"
Generated 74.0m passphrases
1.763m/s
Minimum for passphrase 1 had a distance of 17 with: "Youandmebabywereall"
Generated 75.0m passphrases
1.766m/s
Minimum for passphrase 1 had a distance of 17 with: "Youandmebabywereall"
Generated 76.0m passphrases
1.771m/s
Minimum for passphrase 1 had a distance of 17 with: "Youandmebabywereall"
Generated 77.0m passphrases
1.774m/s
Minimum for passphrase 1 had a distance of 17 with: "Youandmebabywereall"
Generated 78.0m passphrases
1.774m/s
Minimum for passphrase 1 had a distance of 17 with: "Youandmebabywereall"
Generated 79.0m passphrases
1.779m/s
Minimum for passphrase 1 had a distance of 17 with: "Youandmebabywereall"
Generated 80.0m passphrases
1.78m/s
Minimum for passphrase 1 had a distance of 17 with: "Youandmebabywereall"
Generated 81.0m passphrases
1.781m/s
Minimum for passphrase 1 had a distance of 17 with: "Youandmebabywereall"
Generated 82.0m passphrases
1.78m/s
Minimum for passphrase 1 had a distance of 17 with: "Youandmebabywereall"
Generated 83.0m passphrases
1.78m/s
Minimum for passphrase 1 had a distance of 17 with: "Youandmebabywereall"
Generated 84.0m passphrases
1.78m/s
Minimum for passphrase 1 had a distance of 17 with: "Youandmebabywereall"
Generated 85.0m passphrases
1.78m/s
Minimum for passphrase 1 had a distance of 17 with: "Youandmebabywereall"
Generated 86.0m passphrases
1.782m/s
Minimum for passphrase 1 had a distance of 17 with: "Youandmebabywereall"
Generated 87.0m passphrases
1.786m/s
Minimum for passphrase 1 had a distance of 17 with: "Youandmebabywereall"
Generated 88.0m passphrases
1.791m/s
Minimum for passphrase 1 had a distance of 17 with: "Youandmebabywereall"
Generated 89.0m passphrases
1.792m/s
Minimum for passphrase 1 had a distance of 17 with: "Youandmebabywereall"
Generated 90.0m passphrases
1.795m/s
Minimum for passphrase 1 had a distance of 17 with: "Youandmebabywereall"
generated everything for ./lyrics/Rock/Pink_Floyd.txt

generating passphrases with ./lyrics/Rock/Queens_Of_The_Stone_Age.txt
Generated 91.0m passphrases
1.8m/s
Minimum for passphrase 1 had a distance of 17 with: "Youandmebabywereall"
Generated 92.0m passphrases
1.804m/s
Minimum for passphrase 1 had a distance of 17 with: "Youandmebabywereall"
Generated 93.0m passphrases
1.806m/s
Minimum for passphrase 1 had a distance of 17 with: "Youandmebabywereall"
Generated 94.0m passphrases
1.806m/s
Minimum for passphrase 1 had a distance of 17 with: "Youandmebabywereall"
Generated 95.0m passphrases
1.807m/s
Minimum for passphrase 1 had a distance of 17 with: "Youandmebabywereall"
Generated 96.0m passphrases
1.808m/s
Minimum for passphrase 1 had a distance of 17 with: "Youandmebabywereall"
Generated 97.0m passphrases
1.807m/s
Minimum for passphrase 1 had a distance of 17 with: "Youandmebabywereall"
Generated 98.0m passphrases
1.807m/s
Minimum for passphrase 1 had a distance of 17 with: "Youandmebabywereall"
generated everything for ./lyrics/Rock/Queens_Of_The_Stone_Age.txt

generating passphrases with ./lyrics/Rock/Red_Hot_Chili_Peppers.txt
Generated 99.0m passphrases
1.806m/s
Minimum for passphrase 1 had a distance of 17 with: "Youandmebabywereall"
Generated 100.0m passphrases
1.807m/s
Minimum for passphrase 1 had a distance of 17 with: "Youandmebabywereall"
Generated 101.0m passphrases
1.807m/s
Minimum for passphrase 1 had a distance of 17 with: "Youandmebabywereall"
Generated 102.0m passphrases
1.808m/s
Minimum for passphrase 1 had a distance of 17 with: "Youandmebabywereall"
Generated 103.0m passphrases
1.806m/s
Minimum for passphrase 1 had a distance of 17 with: "Youandmebabywereall"
Generated 104.0m passphrases
1.807m/s
Minimum for passphrase 1 had a distance of 17 with: "Youandmebabywereall"
Generated 105.0m passphrases
1.807m/s
Minimum for passphrase 1 had a distance of 17 with: "Youandmebabywereall"
Generated 106.0m passphrases
1.804m/s
Minimum for passphrase 1 had a distance of 17 with: "Youandmebabywereall"
Generated 107.0m passphrases
1.8m/s
Minimum for passphrase 1 had a distance of 17 with: "Youandmebabywereall"
Generated 108.0m passphrases
1.794m/s
Minimum for passphrase 1 had a distance of 17 with: "Youandmebabywereall"
Generated 109.0m passphrases
1.792m/s
Minimum for passphrase 1 had a distance of 17 with: "Youandmebabywereall"
Generated 110.0m passphrases
1.791m/s
Minimum for passphrase 1 had a distance of 17 with: "Youandmebabywereall"
Generated 111.0m passphrases
1.79m/s
Minimum for passphrase 1 had a distance of 17 with: "Youandmebabywereall"
Generated 112.0m passphrases
1.787m/s
Minimum for passphrase 1 had a distance of 17 with: "Youandmebabywereall"
Generated 113.0m passphrases
1.784m/s
Minimum for passphrase 1 had a distance of 17 with: "Youandmebabywereall"
Generated 114.0m passphrases
1.779m/s
Minimum for passphrase 1 had a distance of 17 with: "Youandmebabywereall"
Generated 115.0m passphrases
1.775m/s
Minimum for passphrase 1 had a distance of 17 with: "Youandmebabywereall"
Generated 116.0m passphrases
1.772m/s
Minimum for passphrase 1 had a distance of 17 with: "Youandmebabywereall"
Generated 117.0m passphrases
1.77m/s
Minimum for passphrase 1 had a distance of 17 with: "Youandmebabywereall"
Generated 118.0m passphrases
1.768m/s
Minimum for passphrase 1 had a distance of 17 with: "Youandmebabywereall"
Generated 119.0m passphrases
1.766m/s
Minimum for passphrase 1 had a distance of 17 with: "Youandmebabywereall"
Generated 120.0m passphrases
1.764m/s
Minimum for passphrase 1 had a distance of 17 with: "Youandmebabywereall"
Generated 121.0m passphrases
1.757m/s
Minimum for passphrase 1 had a distance of 17 with: "Youandmebabywereall"
Generated 122.0m passphrases
1.755m/s
Minimum for passphrase 1 had a distance of 17 with: "Youandmebabywereall"
Generated 123.0m passphrases
1.751m/s
Minimum for passphrase 1 had a distance of 17 with: "Youandmebabywereall"
Generated 124.0m passphrases
1.749m/s
Minimum for passphrase 1 had a distance of 17 with: "Youandmebabywereall"
Generated 125.0m passphrases
1.747m/s
Minimum for passphrase 1 had a distance of 17 with: "Youandmebabywereall"
Generated 126.0m passphrases
1.744m/s
Minimum for passphrase 1 had a distance of 17 with: "Youandmebabywereall"
Generated 127.0m passphrases
1.742m/s
Minimum for passphrase 1 had a distance of 17 with: "Youandmebabywereall"
Generated 128.0m passphrases
1.74m/s
Minimum for passphrase 1 had a distance of 17 with: "Youandmebabywereall"
Generated 129.0m passphrases
1.738m/s
Minimum for passphrase 1 had a distance of 17 with: "Youandmebabywereall"
Generated 130.0m passphrases
1.737m/s
Minimum for passphrase 1 had a distance of 17 with: "Youandmebabywereall"
Generated 131.0m passphrases
1.735m/s
Minimum for passphrase 1 had a distance of 17 with: "Youandmebabywereall"
Generated 132.0m passphrases
1.733m/s
Minimum for passphrase 1 had a distance of 17 with: "Youandmebabywereall"
Generated 133.0m passphrases
1.731m/s
Minimum for passphrase 1 had a distance of 17 with: "Youandmebabywereall"
Generated 134.0m passphrases
1.731m/s
Minimum for passphrase 1 had a distance of 17 with: "Youandmebabywereall"
Generated 135.0m passphrases
1.728m/s
Minimum for passphrase 1 had a distance of 17 with: "Youandmebabywereall"
Generated 136.0m passphrases
1.727m/s
Minimum for passphrase 1 had a distance of 17 with: "Youandmebabywereall"
Generated 137.0m passphrases
1.725m/s
Minimum for passphrase 1 had a distance of 17 with: "Youandmebabywereall"
Generated 138.0m passphrases
1.725m/s
Minimum for passphrase 1 had a distance of 17 with: "Youandmebabywereall"
Generated 139.0m passphrases
1.725m/s
Minimum for passphrase 1 had a distance of 17 with: "Youandmebabywereall"
Generated 140.0m passphrases
1.725m/s
Minimum for passphrase 1 had a distance of 17 with: "Youandmebabywereall"
Generated 141.0m passphrases
1.725m/s
Minimum for passphrase 1 had a distance of 17 with: "Youandmebabywereall"
Generated 142.0m passphrases
1.725m/s
Minimum for passphrase 1 had a distance of 17 with: "Youandmebabywereall"
Generated 143.0m passphrases
1.725m/s
Minimum for passphrase 1 had a distance of 17 with: "Youandmebabywereall"
Generated 144.0m passphrases
1.726m/s
Minimum for passphrase 1 had a distance of 17 with: "Youandmebabywereall"
Generated 145.0m passphrases
1.727m/s
Minimum for passphrase 1 had a distance of 17 with: "Youandmebabywereall"
Generated 146.0m passphrases
1.724m/s
Minimum for passphrase 1 had a distance of 17 with: "Youandmebabywereall"
Generated 147.0m passphrases
1.723m/s
Minimum for passphrase 1 had a distance of 17 with: "Youandmebabywereall"
generated everything for ./lyrics/Rock/Red_Hot_Chili_Peppers.txt

generating passphrases with ./quotes/American/don_mclean.txt
Generated 148.0m passphrases
1.723m/s
Minimum for passphrase 1 had a distance of 17 with: "Youandmebabywereall"
Generated 149.0m passphrases
1.724m/s
Minimum for passphrase 1 had a distance of 17 with: "Youandmebabywereall"
Generated 150.0m passphrases
1.723m/s
Minimum for passphrase 1 had a distance of 17 with: "Youandmebabywereall"
generated everything for ./quotes/American/don_mclean.txt

generating passphrases with ./quotes/Musician/don_mclean.txt
Generated 151.0m passphrases
1.724m/s
Minimum for passphrase 1 had a distance of 17 with: "Youandmebabywereall"
Generated 152.0m passphrases
1.724m/s
Minimum for passphrase 1 had a distance of 17 with: "Youandmebabywereall"
Generated 153.0m passphrases
1.723m/s
Minimum for passphrase 1 had a distance of 17 with: "Youandmebabywereall"
generated everything for ./quotes/Musician/don_mclean.txt

generating passphrases with ./lyrics/Other/Don_McLean.txt
Generated 154.0m passphrases
1.724m/s
Minimum for passphrase 1 had a distance of 17 with: "Youandmebabywereall"
Generated 155.0m passphrases
1.724m/s
Minimum for passphrase 1 had a distance of 17 with: "Youandmebabywereall"
Generated 156.0m passphrases
1.725m/s
Minimum for passphrase 1 had a distance of 17 with: "Youandmebabywereall"
Generated 157.0m passphrases
1.726m/s
Minimum for passphrase 1 had a distance of 17 with: "Youandmebabywereall"
Generated 158.0m passphrases
1.727m/s
Minimum for passphrase 1 had a distance of 17 with: "Youandmebabywereall"
Generated 159.0m passphrases
1.727m/s
Minimum for passphrase 1 had a distance of 17 with: "Youandmebabywereall"
Generated 160.0m passphrases
1.726m/s
Minimum for passphrase 1 had a distance of 17 with: "Youandmebabywereall"
Generated 161.0m passphrases
1.723m/s
Minimum for passphrase 1 had a distance of 17 with: "Youandmebabywereall"
Generated 162.0m passphrases
1.721m/s
Minimum for passphrase 1 had a distance of 17 with: "Youandmebabywereall"
Generated 163.0m passphrases
1.72m/s
Minimum for passphrase 1 had a distance of 17 with: "Youandmebabywereall"
Generated 164.0m passphrases
1.719m/s
Minimum for passphrase 1 had a distance of 17 with: "Youandmebabywereall"
Generated 165.0m passphrases
1.717m/s
Minimum for passphrase 1 had a distance of 17 with: "Youandmebabywereall"
Generated 166.0m passphrases
1.712m/s
Minimum for passphrase 1 had a distance of 17 with: "Youandmebabywereall"
Generated 167.0m passphrases
1.713m/s
Minimum for passphrase 1 had a distance of 17 with: "Youandmebabywereall"
Generated 168.0m passphrases
1.714m/s
Minimum for passphrase 1 had a distance of 17 with: "Youandmebabywereall"
Generated 169.0m passphrases
1.713m/s
Minimum for passphrase 1 had a distance of 17 with: "Youandmebabywereall"
Generated 170.0m passphrases
1.714m/s
Minimum for passphrase 1 had a distance of 17 with: "Youandmebabywereall"
Generated 171.0m passphrases
1.714m/s
Minimum for passphrase 1 had a distance of 17 with: "Youandmebabywereall"
Generated 172.0m passphrases
1.715m/s
Minimum for passphrase 1 had a distance of 17 with: "Youandmebabywereall"
Generated 173.0m passphrases
1.716m/s
Minimum for passphrase 1 had a distance of 17 with: "Youandmebabywereall"
Generated 174.0m passphrases
1.717m/s
Minimum for passphrase 1 had a distance of 17 with: "Youandmebabywereall"
Generated 175.0m passphrases
1.718m/s
Minimum for passphrase 1 had a distance of 17 with: "Youandmebabywereall"
Generated 176.0m passphrases
1.719m/s
Minimum for passphrase 1 had a distance of 17 with: "Youandmebabywereall"
Generated 177.0m passphrases
1.719m/s
Minimum for passphrase 1 had a distance of 17 with: "Youandmebabywereall"
Generated 178.0m passphrases
1.72m/s
Minimum for passphrase 1 had a distance of 17 with: "Youandmebabywereall"
Generated 179.0m passphrases
1.719m/s
Minimum for passphrase 1 had a distance of 17 with: "Youandmebabywereall"
Generated 180.0m passphrases
1.72m/s
Minimum for passphrase 1 had a distance of 17 with: "Youandmebabywereall"
Generated 181.0m passphrases
1.721m/s
Minimum for passphrase 1 had a distance of 17 with: "Youandmebabywereall"
Generated 182.0m passphrases
1.722m/s
Minimum for passphrase 1 had a distance of 17 with: "Youandmebabywereall"
Generated 183.0m passphrases
1.723m/s
Minimum for passphrase 1 had a distance of 17 with: "Youandmebabywereall"
Generated 184.0m passphrases
1.723m/s
Minimum for passphrase 1 had a distance of 17 with: "Youandmebabywereall"
Generated 185.0m passphrases
1.724m/s
Minimum for passphrase 1 had a distance of 17 with: "Youandmebabywereall"
Generated 186.0m passphrases
1.725m/s
Minimum for passphrase 1 had a distance of 17 with: "Youandmebabywereall"
Generated 187.0m passphrases
1.726m/s
Minimum for passphrase 1 had a distance of 16 with: "doorsandplasterceilings"
Generated 188.0m passphrases
1.726m/s
Minimum for passphrase 1 had a distance of 16 with: "doorsandplasterceilings"
Generated 189.0m passphrases
1.726m/s
Minimum for passphrase 1 had a distance of 16 with: "doorsandplasterceilings"
Generated 190.0m passphrases
1.726m/s
Minimum for passphrase 1 had a distance of 16 with: "doorsandplasterceilings"
Generated 191.0m passphrases
1.726m/s
Minimum for passphrase 1 had a distance of 16 with: "doorsandplasterceilings"
Generated 192.0m passphrases
1.726m/s
Minimum for passphrase 1 had a distance of 16 with: "doorsandplasterceilings"
Generated 193.0m passphrases
1.726m/s
Minimum for passphrase 1 had a distance of 16 with: "doorsandplasterceilings"
Generated 194.0m passphrases
1.726m/s
Minimum for passphrase 1 had a distance of 16 with: "doorsandplasterceilings"
Generated 195.0m passphrases
1.726m/s
Minimum for passphrase 1 had a distance of 16 with: "doorsandplasterceilings"
Generated 196.0m passphrases
1.726m/s
Minimum for passphrase 1 had a distance of 16 with: "doorsandplasterceilings"
Generated 197.0m passphrases
1.725m/s
Minimum for passphrase 1 had a distance of 16 with: "doorsandplasterceilings"
Generated 198.0m passphrases
1.725m/s
Minimum for passphrase 1 had a distance of 16 with: "doorsandplasterceilings"
Generated 199.0m passphrases
1.724m/s
Minimum for passphrase 1 had a distance of 16 with: "doorsandplasterceilings"
Generated 200.0m passphrases
1.724m/s
Minimum for passphrase 1 had a distance of 16 with: "doorsandplasterceilings"
Generated 201.0m passphrases
1.723m/s
Minimum for passphrase 1 had a distance of 16 with: "doorsandplasterceilings"
Generated 202.0m passphrases
1.722m/s
Minimum for passphrase 1 had a distance of 16 with: "doorsandplasterceilings"
Generated 203.0m passphrases
1.721m/s
Minimum for passphrase 1 had a distance of 16 with: "doorsandplasterceilings"
Generated 204.0m passphrases
1.719m/s
Minimum for passphrase 1 had a distance of 16 with: "doorsandplasterceilings"
Generated 205.0m passphrases
1.718m/s
Minimum for passphrase 1 had a distance of 16 with: "doorsandplasterceilings"
Generated 206.0m passphrases
1.718m/s
Minimum for passphrase 1 had a distance of 16 with: "doorsandplasterceilings"
Generated 207.0m passphrases
1.717m/s
Minimum for passphrase 1 had a distance of 16 with: "doorsandplasterceilings"
Generated 208.0m passphrases
1.717m/s
Minimum for passphrase 1 had a distance of 16 with: "doorsandplasterceilings"
Generated 209.0m passphrases
1.717m/s
Minimum for passphrase 1 had a distance of 16 with: "doorsandplasterceilings"
Generated 210.0m passphrases
1.717m/s
Minimum for passphrase 1 had a distance of 16 with: "doorsandplasterceilings"
Generated 211.0m passphrases
1.717m/s
Minimum for passphrase 1 had a distance of 16 with: "doorsandplasterceilings"
Generated 212.0m passphrases
1.718m/s
Minimum for passphrase 1 had a distance of 16 with: "doorsandplasterceilings"
generated everything for ./lyrics/Other/Don_McLean.txt
generated 212118276 passphrases
Minimum for passphrase 1 had a distance of 16 with: "doorsandplasterceilings"
No success
1.71792534834m/s
