
generating passphrases with ./lyrics/Rock/Queens_Of_The_Stone_Age.txt
Generated 1.0m passphrases
1.217m/s
Minimum for passphrase 1 had a distance of 30 with: "Hetlevenisharddemensenworden"
Generated 2.0m passphrases
1.432m/s
Minimum for passphrase 1 had a distance of 29 with: "believethemandIneverassume"
Generated 3.0m passphrases
1.534m/s
Minimum for passphrase 1 had a distance of 29 with: "believethemandIneverassume"
Generated 4.0m passphrases
1.609m/s
Minimum for passphrase 1 had a distance of 29 with: "believethemandIneverassume"
Generated 5.0m passphrases
1.684m/s
Minimum for passphrase 1 had a distance of 29 with: "believethemandIneverassume"
Generated 6.0m passphrases
1.724m/s
Minimum for passphrase 1 had a distance of 29 with: "believethemandIneverassume"
Generated 7.0m passphrases
1.76m/s
Minimum for passphrase 1 had a distance of 29 with: "believethemandIneverassume"
generated everything for ./lyrics/Rock/Queens_Of_The_Stone_Age.txt
generated 7651916 passphrases
Minimum for passphrase 1 had a distance of 29 with: "believethemandIneverassume"
No success
1.77844379633m/s
