
generating passphrases with ./lyrics/Other/Tom_Waits.txt
Generated 1.0m passphrases
1.299m/s
Minimum for passphrase 1 had a distance of 10 with: "tomeWellIhungon"
Generated 2.0m passphrases
1.417m/s
Minimum for passphrase 1 had a distance of 10 with: "tomeWellIhungon"
Generated 3.0m passphrases
1.548m/s
Minimum for passphrase 1 had a distance of 10 with: "tomeWellIhungon"
Generated 4.0m passphrases
1.615m/s
Minimum for passphrase 1 had a distance of 10 with: "tomeWellIhungon"
Generated 5.0m passphrases
1.666m/s
Minimum for passphrase 1 had a distance of 10 with: "tomeWellIhungon"
Generated 6.0m passphrases
1.675m/s
Minimum for passphrase 1 had a distance of 10 with: "tomeWellIhungon"
Generated 7.0m passphrases
1.712m/s
Minimum for passphrase 1 had a distance of 10 with: "tomeWellIhungon"
Generated 8.0m passphrases
1.736m/s
Minimum for passphrase 1 had a distance of 10 with: "tomeWellIhungon"
Generated 9.0m passphrases
1.765m/s
Minimum for passphrase 1 had a distance of 10 with: "tomeWellIhungon"
Generated 10.0m passphrases
1.774m/s
Minimum for passphrase 1 had a distance of 10 with: "tomeWellIhungon"
Generated 11.0m passphrases
1.781m/s
Minimum for passphrase 1 had a distance of 10 with: "tomeWellIhungon"
Generated 12.0m passphrases
1.782m/s
Minimum for passphrase 1 had a distance of 10 with: "tomeWellIhungon"
Generated 13.0m passphrases
1.783m/s
Minimum for passphrase 1 had a distance of 10 with: "tomeWellIhungon"
Generated 14.0m passphrases
1.766m/s
Minimum for passphrase 1 had a distance of 10 with: "tomeWellIhungon"
Generated 15.0m passphrases
1.758m/s
Minimum for passphrase 1 had a distance of 10 with: "tomeWellIhungon"
Generated 16.0m passphrases
1.754m/s
Minimum for passphrase 1 had a distance of 10 with: "tomeWellIhungon"
Generated 17.0m passphrases
1.756m/s
Minimum for passphrase 1 had a distance of 10 with: "tomeWellIhungon"
Generated 18.0m passphrases
1.75m/s
Minimum for passphrase 1 had a distance of 10 with: "tomeWellIhungon"
Generated 19.0m passphrases
1.74m/s
Minimum for passphrase 1 had a distance of 10 with: "tomeWellIhungon"
Generated 20.0m passphrases
1.726m/s
Minimum for passphrase 1 had a distance of 10 with: "tomeWellIhungon"
Generated 21.0m passphrases
1.725m/s
Minimum for passphrase 1 had a distance of 10 with: "tomeWellIhungon"
Generated 22.0m passphrases
1.72m/s
Minimum for passphrase 1 had a distance of 10 with: "tomeWellIhungon"
Generated 23.0m passphrases
1.712m/s
Minimum for passphrase 1 had a distance of 10 with: "tomeWellIhungon"
Generated 24.0m passphrases
1.717m/s
Minimum for passphrase 1 had a distance of 10 with: "tomeWellIhungon"
Generated 25.0m passphrases
1.718m/s
Minimum for passphrase 1 had a distance of 10 with: "tomeWellIhungon"
Generated 26.0m passphrases
1.708m/s
Minimum for passphrase 1 had a distance of 10 with: "tomeWellIhungon"
Generated 27.0m passphrases
1.714m/s
Minimum for passphrase 1 had a distance of 10 with: "tomeWellIhungon"
Generated 28.0m passphrases
1.712m/s
Minimum for passphrase 1 had a distance of 10 with: "tomeWellIhungon"
Generated 29.0m passphrases
1.712m/s
Minimum for passphrase 1 had a distance of 10 with: "tomeWellIhungon"
Generated 30.0m passphrases
1.703m/s
Minimum for passphrase 1 had a distance of 10 with: "tomeWellIhungon"
Generated 31.0m passphrases
1.692m/s
Minimum for passphrase 1 had a distance of 10 with: "tomeWellIhungon"
Generated 32.0m passphrases
1.687m/s
Minimum for passphrase 1 had a distance of 10 with: "tomeWellIhungon"
Generated 33.0m passphrases
1.686m/s
Minimum for passphrase 1 had a distance of 10 with: "tomeWellIhungon"
Generated 34.0m passphrases
1.689m/s
Minimum for passphrase 1 had a distance of 10 with: "tomeWellIhungon"
Generated 35.0m passphrases
1.687m/s
Minimum for passphrase 1 had a distance of 10 with: "tomeWellIhungon"
Generated 36.0m passphrases
1.681m/s
Minimum for passphrase 1 had a distance of 10 with: "tomeWellIhungon"
Generated 37.0m passphrases
1.673m/s
Minimum for passphrase 1 had a distance of 10 with: "tomeWellIhungon"
Generated 38.0m passphrases
1.665m/s
Minimum for passphrase 1 had a distance of 10 with: "tomeWellIhungon"
Generated 39.0m passphrases
1.662m/s
Minimum for passphrase 1 had a distance of 10 with: "tomeWellIhungon"
Generated 40.0m passphrases
1.652m/s
Minimum for passphrase 1 had a distance of 10 with: "tomeWellIhungon"
Generated 41.0m passphrases
1.648m/s
Minimum for passphrase 1 had a distance of 9 with: "Umbrellasarranged"
Generated 42.0m passphrases
1.64m/s
Minimum for passphrase 1 had a distance of 9 with: "Umbrellasarranged"
Generated 43.0m passphrases
1.641m/s
Minimum for passphrase 1 had a distance of 9 with: "Umbrellasarranged"
Generated 44.0m passphrases
1.639m/s
Minimum for passphrase 1 had a distance of 9 with: "Umbrellasarranged"
Generated 45.0m passphrases
1.639m/s
Minimum for passphrase 1 had a distance of 9 with: "Umbrellasarranged"
Generated 46.0m passphrases
1.638m/s
Minimum for passphrase 1 had a distance of 9 with: "Umbrellasarranged"
Generated 47.0m passphrases
1.635m/s
Minimum for passphrase 1 had a distance of 9 with: "Umbrellasarranged"
Generated 48.0m passphrases
1.635m/s
Minimum for passphrase 1 had a distance of 9 with: "Umbrellasarranged"
Generated 49.0m passphrases
1.637m/s
Minimum for passphrase 1 had a distance of 9 with: "Umbrellasarranged"
Generated 50.0m passphrases
1.642m/s
Minimum for passphrase 1 had a distance of 9 with: "Umbrellasarranged"
Generated 51.0m passphrases
1.645m/s
Minimum for passphrase 1 had a distance of 9 with: "Umbrellasarranged"
Generated 52.0m passphrases
1.647m/s
Minimum for passphrase 1 had a distance of 9 with: "Umbrellasarranged"
Generated 53.0m passphrases
1.65m/s
Minimum for passphrase 1 had a distance of 9 with: "Umbrellasarranged"
Generated 54.0m passphrases
1.655m/s
Minimum for passphrase 1 had a distance of 9 with: "Umbrellasarranged"
Generated 55.0m passphrases
1.655m/s
Minimum for passphrase 1 had a distance of 9 with: "Umbrellasarranged"
Generated 56.0m passphrases
1.651m/s
Minimum for passphrase 1 had a distance of 9 with: "Umbrellasarranged"
Generated 57.0m passphrases
1.653m/s
Minimum for passphrase 1 had a distance of 9 with: "Umbrellasarranged"
Generated 58.0m passphrases
1.658m/s
Minimum for passphrase 1 had a distance of 9 with: "Umbrellasarranged"
Generated 59.0m passphrases
1.66m/s
Minimum for passphrase 1 had a distance of 9 with: "Umbrellasarranged"
generated everything for ./lyrics/Other/Tom_Waits.txt

generating passphrases with ./quotes/American/tom_waits.txt
Generated 60.0m passphrases
1.663m/s
Minimum for passphrase 1 had a distance of 9 with: "Umbrellasarranged"
Generated 61.0m passphrases
1.662m/s
Minimum for passphrase 1 had a distance of 9 with: "Umbrellasarranged"
Generated 62.0m passphrases
1.663m/s
Minimum for passphrase 1 had a distance of 9 with: "Umbrellasarranged"
Generated 63.0m passphrases
1.662m/s
Minimum for passphrase 1 had a distance of 9 with: "Umbrellasarranged"
Generated 64.0m passphrases
1.661m/s
Minimum for passphrase 1 had a distance of 9 with: "Umbrellasarranged"
Generated 65.0m passphrases
1.664m/s
Minimum for passphrase 1 had a distance of 9 with: "Umbrellasarranged"
Generated 66.0m passphrases
1.667m/s
Minimum for passphrase 1 had a distance of 9 with: "Umbrellasarranged"
generated everything for ./quotes/American/tom_waits.txt

generating passphrases with ./quotes/Musician/tom_waits.txt
Generated 67.0m passphrases
1.67m/s
Minimum for passphrase 1 had a distance of 9 with: "Umbrellasarranged"
Generated 68.0m passphrases
1.673m/s
Minimum for passphrase 1 had a distance of 9 with: "Umbrellasarranged"
Generated 69.0m passphrases
1.668m/s
Minimum for passphrase 1 had a distance of 9 with: "Umbrellasarranged"
Generated 70.0m passphrases
1.662m/s
Minimum for passphrase 1 had a distance of 9 with: "Umbrellasarranged"
Generated 71.0m passphrases
1.66m/s
Minimum for passphrase 1 had a distance of 9 with: "Umbrellasarranged"
Generated 72.0m passphrases
1.656m/s
Minimum for passphrase 1 had a distance of 9 with: "Umbrellasarranged"
generated everything for ./quotes/Musician/tom_waits.txt

generating passphrases with ./lyrics/Rock/Guns_N_Roses.txt
Generated 73.0m passphrases
1.657m/s
Minimum for passphrase 1 had a distance of 9 with: "Umbrellasarranged"
Generated 74.0m passphrases
1.658m/s
Minimum for passphrase 1 had a distance of 9 with: "Umbrellasarranged"
Generated 75.0m passphrases
1.658m/s
Minimum for passphrase 1 had a distance of 9 with: "Umbrellasarranged"
Generated 76.0m passphrases
1.658m/s
Minimum for passphrase 1 had a distance of 9 with: "Umbrellasarranged"
Generated 77.0m passphrases
1.661m/s
Minimum for passphrase 1 had a distance of 9 with: "Umbrellasarranged"
Generated 78.0m passphrases
1.663m/s
Minimum for passphrase 1 had a distance of 9 with: "Umbrellasarranged"
Generated 79.0m passphrases
1.664m/s
Minimum for passphrase 1 had a distance of 9 with: "Umbrellasarranged"
Generated 80.0m passphrases
1.667m/s
Minimum for passphrase 1 had a distance of 9 with: "Umbrellasarranged"
Generated 81.0m passphrases
1.67m/s
Minimum for passphrase 1 had a distance of 9 with: "Umbrellasarranged"
Generated 82.0m passphrases
1.674m/s
Minimum for passphrase 1 had a distance of 9 with: "Umbrellasarranged"
Generated 83.0m passphrases
1.677m/s
Minimum for passphrase 1 had a distance of 9 with: "Umbrellasarranged"
Generated 84.0m passphrases
1.681m/s
Minimum for passphrase 1 had a distance of 9 with: "Umbrellasarranged"
Generated 85.0m passphrases
1.684m/s
Minimum for passphrase 1 had a distance of 9 with: "Umbrellasarranged"
Generated 86.0m passphrases
1.686m/s
Minimum for passphrase 1 had a distance of 9 with: "Umbrellasarranged"
Generated 87.0m passphrases
1.689m/s
Minimum for passphrase 1 had a distance of 9 with: "Umbrellasarranged"
Generated 88.0m passphrases
1.692m/s
Minimum for passphrase 1 had a distance of 9 with: "Umbrellasarranged"
Generated 89.0m passphrases
1.694m/s
Minimum for passphrase 1 had a distance of 9 with: "Umbrellasarranged"
generated everything for ./lyrics/Rock/Guns_N_Roses.txt
generated 89675192 passphrases
Minimum for passphrase 1 had a distance of 9 with: "Umbrellasarranged"
No success
1.69412539903m/s
