
generating passphrases with ./lyrics/Reggae/Bob_Marley.txt
Generated 1.0m passphrases
1.489m/s
Minimum for passphrase 1 had a distance of 16 with: "ThisisTrenchtown"
Generated 2.0m passphrases
1.741m/s
Minimum for passphrase 1 had a distance of 16 with: "ThisisTrenchtown"
Generated 3.0m passphrases
1.733m/s
Minimum for passphrase 1 had a distance of 15 with: "Thesesongsoffreedom"
Generated 4.0m passphrases
1.755m/s
Minimum for passphrase 1 had a distance of 15 with: "Thesesongsoffreedom"
Generated 5.0m passphrases
1.718m/s
Minimum for passphrase 1 had a distance of 15 with: "Thesesongsoffreedom"
Generated 6.0m passphrases
1.693m/s
Minimum for passphrase 1 had a distance of 15 with: "Thesesongsoffreedom"
Generated 7.0m passphrases
1.699m/s
Minimum for passphrase 1 had a distance of 15 with: "Thesesongsoffreedom"
Generated 8.0m passphrases
1.709m/s
Minimum for passphrase 1 had a distance of 15 with: "Thesesongsoffreedom"
Generated 9.0m passphrases
1.713m/s
Minimum for passphrase 1 had a distance of 15 with: "Thesesongsoffreedom"
Generated 10.0m passphrases
1.723m/s
Minimum for passphrase 1 had a distance of 15 with: "Thesesongsoffreedom"
Generated 11.0m passphrases
1.716m/s
Minimum for passphrase 1 had a distance of 15 with: "Thesesongsoffreedom"
Generated 12.0m passphrases
1.722m/s
Minimum for passphrase 1 had a distance of 15 with: "Thesesongsoffreedom"
Generated 13.0m passphrases
1.727m/s
Minimum for passphrase 1 had a distance of 15 with: "Thesesongsoffreedom"
Generated 14.0m passphrases
1.73m/s
Minimum for passphrase 1 had a distance of 15 with: "Thesesongsoffreedom"
Generated 15.0m passphrases
1.739m/s
Minimum for passphrase 1 had a distance of 15 with: "Thesesongsoffreedom"
Generated 16.0m passphrases
1.745m/s
Minimum for passphrase 1 had a distance of 15 with: "Thesesongsoffreedom"
Generated 17.0m passphrases
1.752m/s
Minimum for passphrase 1 had a distance of 15 with: "Thesesongsoffreedom"
Generated 18.0m passphrases
1.747m/s
Minimum for passphrase 1 had a distance of 15 with: "Thesesongsoffreedom"
Generated 19.0m passphrases
1.75m/s
Minimum for passphrase 1 had a distance of 15 with: "Thesesongsoffreedom"
Generated 20.0m passphrases
1.757m/s
Minimum for passphrase 1 had a distance of 15 with: "Thesesongsoffreedom"
Generated 21.0m passphrases
1.762m/s
Minimum for passphrase 1 had a distance of 15 with: "Thesesongsoffreedom"
Generated 22.0m passphrases
1.766m/s
Minimum for passphrase 1 had a distance of 15 with: "Thesesongsoffreedom"
Generated 23.0m passphrases
1.768m/s
Minimum for passphrase 1 had a distance of 15 with: "Thesesongsoffreedom"
Generated 24.0m passphrases
1.769m/s
Minimum for passphrase 1 had a distance of 15 with: "Thesesongsoffreedom"
Generated 25.0m passphrases
1.773m/s
Minimum for passphrase 1 had a distance of 15 with: "Thesesongsoffreedom"
Generated 26.0m passphrases
1.78m/s
Minimum for passphrase 1 had a distance of 15 with: "Thesesongsoffreedom"
Generated 27.0m passphrases
1.782m/s
Minimum for passphrase 1 had a distance of 15 with: "Thesesongsoffreedom"
Generated 28.0m passphrases
1.782m/s
Minimum for passphrase 1 had a distance of 15 with: "Thesesongsoffreedom"
Generated 29.0m passphrases
1.786m/s
Minimum for passphrase 1 had a distance of 14 with: "ThisisaThereshe"
Generated 30.0m passphrases
1.79m/s
Minimum for passphrase 1 had a distance of 14 with: "ThisisaThereshe"
Generated 31.0m passphrases
1.793m/s
Minimum for passphrase 1 had a distance of 14 with: "ThisisaThereshe"
Generated 32.0m passphrases
1.796m/s
Minimum for passphrase 1 had a distance of 14 with: "ThisisaThereshe"
Generated 33.0m passphrases
1.798m/s
Minimum for passphrase 1 had a distance of 14 with: "ThisisaThereshe"
Generated 34.0m passphrases
1.795m/s
Minimum for passphrase 1 had a distance of 14 with: "ThisisaThereshe"
Generated 35.0m passphrases
1.794m/s
Minimum for passphrase 1 had a distance of 14 with: "ThisisaThereshe"
Generated 36.0m passphrases
1.792m/s
Minimum for passphrase 1 had a distance of 14 with: "ThisisaThereshe"
Generated 37.0m passphrases
1.794m/s
Minimum for passphrase 1 had a distance of 14 with: "ThisisaThereshe"
Generated 38.0m passphrases
1.797m/s
Minimum for passphrase 1 had a distance of 14 with: "ThisisaThereshe"
Generated 39.0m passphrases
1.796m/s
Minimum for passphrase 1 had a distance of 14 with: "ThisisaThereshe"
Generated 40.0m passphrases
1.798m/s
Minimum for passphrase 1 had a distance of 14 with: "ThisisaThereshe"
Generated 41.0m passphrases
1.801m/s
Minimum for passphrase 1 had a distance of 14 with: "ThisisaThereshe"
Generated 42.0m passphrases
1.802m/s
Minimum for passphrase 1 had a distance of 14 with: "ThisisaThereshe"
Generated 43.0m passphrases
1.803m/s
Minimum for passphrase 1 had a distance of 14 with: "ThisisaThereshe"
Generated 44.0m passphrases
1.801m/s
Minimum for passphrase 1 had a distance of 14 with: "ThisisaThereshe"
Generated 45.0m passphrases
1.802m/s
Minimum for passphrase 1 had a distance of 14 with: "ThisisaThereshe"
Generated 46.0m passphrases
1.803m/s
Minimum for passphrase 1 had a distance of 14 with: "ThisisaThereshe"
generated everything for ./lyrics/Reggae/Bob_Marley.txt

generating passphrases with ./quotes/Jamaican/bob_marley.txt
generated everything for ./quotes/Jamaican/bob_marley.txt

generating passphrases with ./quotes/Musician/bob_marley.txt
Generated 47.0m passphrases
1.805m/s
Minimum for passphrase 1 had a distance of 14 with: "ThisisaThereshe"
generated everything for ./quotes/Musician/bob_marley.txt
generated 47225192 passphrases
Minimum for passphrase 1 had a distance of 14 with: "ThisisaThereshe"
No success
1.80560429567m/s
