
generating passphrases with ./quotes/Actor/alan_rickman.txt
Generated 1.0m passphrases
1.303m/s
Minimum for passphrase 1 had a distance of 14 with: "anythingtodowiththe"
Generated 2.0m passphrases
1.435m/s
Minimum for passphrase 1 had a distance of 14 with: "anythingtodowiththe"
Generated 3.0m passphrases
1.504m/s
Minimum for passphrase 1 had a distance of 14 with: "anythingtodowiththe"
generated everything for ./quotes/Actor/alan_rickman.txt

generating passphrases with ./quotes/British/alan_rickman.txt
Generated 4.0m passphrases
1.55m/s
Minimum for passphrase 1 had a distance of 14 with: "anythingtodowiththe"
Generated 5.0m passphrases
1.585m/s
Minimum for passphrase 1 had a distance of 14 with: "anythingtodowiththe"
Generated 6.0m passphrases
1.61m/s
Minimum for passphrase 1 had a distance of 14 with: "anythingtodowiththe"
generated everything for ./quotes/British/alan_rickman.txt

generating passphrases with ./lyrics/Rock/Anouk.txt
Generated 7.0m passphrases
1.633m/s
Minimum for passphrase 1 had a distance of 14 with: "anythingtodowiththe"
Generated 8.0m passphrases
1.639m/s
Minimum for passphrase 1 had a distance of 14 with: "anythingtodowiththe"
Generated 9.0m passphrases
1.648m/s
Minimum for passphrase 1 had a distance of 14 with: "anythingtodowiththe"
Generated 10.0m passphrases
1.665m/s
Minimum for passphrase 1 had a distance of 14 with: "anythingtodowiththe"
Generated 11.0m passphrases
1.677m/s
Minimum for passphrase 1 had a distance of 14 with: "anythingtodowiththe"
Generated 12.0m passphrases
1.699m/s
Minimum for passphrase 1 had a distance of 13 with: "Buthesneverthere"
Generated 13.0m passphrases
1.739m/s
Minimum for passphrase 1 had a distance of 13 with: "Buthesneverthere"
Generated 14.0m passphrases
1.747m/s
Minimum for passphrase 1 had a distance of 13 with: "Buthesneverthere"
Generated 15.0m passphrases
1.762m/s
Minimum for passphrase 1 had a distance of 13 with: "Buthesneverthere"
Generated 16.0m passphrases
1.787m/s
Minimum for passphrase 1 had a distance of 13 with: "Buthesneverthere"
Generated 17.0m passphrases
1.813m/s
Minimum for passphrase 1 had a distance of 13 with: "Buthesneverthere"
Generated 18.0m passphrases
1.814m/s
Minimum for passphrase 1 had a distance of 13 with: "Buthesneverthere"
Generated 19.0m passphrases
1.809m/s
Minimum for passphrase 1 had a distance of 13 with: "Buthesneverthere"
Generated 20.0m passphrases
1.766m/s
Minimum for passphrase 1 had a distance of 13 with: "Buthesneverthere"
Generated 21.0m passphrases
1.793m/s
Minimum for passphrase 1 had a distance of 13 with: "Buthesneverthere"
Generated 22.0m passphrases
1.807m/s
Minimum for passphrase 1 had a distance of 13 with: "Buthesneverthere"
Generated 23.0m passphrases
1.794m/s
Minimum for passphrase 1 had a distance of 13 with: "Buthesneverthere"
Generated 24.0m passphrases
1.809m/s
Minimum for passphrase 1 had a distance of 13 with: "Buthesneverthere"
Generated 25.0m passphrases
1.811m/s
Minimum for passphrase 1 had a distance of 13 with: "Buthesneverthere"
Generated 26.0m passphrases
1.828m/s
Minimum for passphrase 1 had a distance of 13 with: "Buthesneverthere"
Generated 27.0m passphrases
1.842m/s
Minimum for passphrase 1 had a distance of 13 with: "Buthesneverthere"
Generated 28.0m passphrases
1.857m/s
Minimum for passphrase 1 had a distance of 13 with: "Buthesneverthere"
Generated 29.0m passphrases
1.87m/s
Minimum for passphrase 1 had a distance of 10 with: "notbeingherewithme"
Generated 30.0m passphrases
1.884m/s
Minimum for passphrase 1 had a distance of 10 with: "notbeingherewithme"
Generated 31.0m passphrases
1.898m/s
Minimum for passphrase 1 had a distance of 10 with: "notbeingherewithme"
Generated 32.0m passphrases
1.911m/s
Minimum for passphrase 1 had a distance of 10 with: "notbeingherewithme"
Generated 33.0m passphrases
1.923m/s
Minimum for passphrase 1 had a distance of 10 with: "notbeingherewithme"
Generated 34.0m passphrases
1.932m/s
Minimum for passphrase 1 had a distance of 10 with: "notbeingherewithme"
Generated 35.0m passphrases
1.94m/s
Minimum for passphrase 1 had a distance of 10 with: "notbeingherewithme"
Generated 36.0m passphrases
1.947m/s
Minimum for passphrase 1 had a distance of 10 with: "notbeingherewithme"
Generated 37.0m passphrases
1.957m/s
Minimum for passphrase 1 had a distance of 10 with: "notbeingherewithme"
Generated 38.0m passphrases
1.965m/s
Minimum for passphrase 1 had a distance of 10 with: "notbeingherewithme"
Generated 39.0m passphrases
1.967m/s
Minimum for passphrase 1 had a distance of 10 with: "notbeingherewithme"
Generated 40.0m passphrases
1.968m/s
Minimum for passphrase 1 had a distance of 10 with: "notbeingherewithme"
generated everything for ./lyrics/Rock/Anouk.txt
generated 40781660 passphrases
Minimum for passphrase 1 had a distance of 10 with: "notbeingherewithme"
No success
1.97364988449m/s
