
generating passphrases with ./lyrics/Other/Rancid.txt
Generated 1.0m passphrases
1.271m/s
Minimum for passphrase 1 had a distance of 11 with: "toyouandIsensean"
Generated 2.0m passphrases
1.466m/s
Minimum for passphrase 1 had a distance of 11 with: "toyouandIsensean"
Generated 3.0m passphrases
1.55m/s
Minimum for passphrase 1 had a distance of 10 with: "Tooscaredatallto"
Generated 4.0m passphrases
1.626m/s
Minimum for passphrase 1 had a distance of 10 with: "Tooscaredatallto"
Generated 5.0m passphrases
1.683m/s
Minimum for passphrase 1 had a distance of 10 with: "Tooscaredatallto"
Generated 6.0m passphrases
1.716m/s
Minimum for passphrase 1 had a distance of 10 with: "Tooscaredatallto"
Generated 7.0m passphrases
1.744m/s
Minimum for passphrase 1 had a distance of 10 with: "Tooscaredatallto"
Generated 8.0m passphrases
1.765m/s
Minimum for passphrase 1 had a distance of 10 with: "Tooscaredatallto"
Generated 9.0m passphrases
1.762m/s
Minimum for passphrase 1 had a distance of 10 with: "Tooscaredatallto"
Generated 10.0m passphrases
1.749m/s
Minimum for passphrase 1 had a distance of 10 with: "Tooscaredatallto"
Generated 11.0m passphrases
1.758m/s
Minimum for passphrase 1 had a distance of 10 with: "Tooscaredatallto"
Generated 12.0m passphrases
1.766m/s
Minimum for passphrase 1 had a distance of 10 with: "Tooscaredatallto"
Generated 13.0m passphrases
1.741m/s
Minimum for passphrase 1 had a distance of 10 with: "Tooscaredatallto"
Generated 14.0m passphrases
1.711m/s
Minimum for passphrase 1 had a distance of 10 with: "Tooscaredatallto"
Generated 15.0m passphrases
1.698m/s
Minimum for passphrase 1 had a distance of 10 with: "Tooscaredatallto"
Generated 16.0m passphrases
1.68m/s
Minimum for passphrase 1 had a distance of 10 with: "Tooscaredatallto"
Generated 17.0m passphrases
1.685m/s
Minimum for passphrase 1 had a distance of 10 with: "Tooscaredatallto"
Generated 18.0m passphrases
1.694m/s
Minimum for passphrase 1 had a distance of 10 with: "Tooscaredatallto"
Generated 19.0m passphrases
1.704m/s
Minimum for passphrase 1 had a distance of 10 with: "Tooscaredatallto"
Generated 20.0m passphrases
1.715m/s
Minimum for passphrase 1 had a distance of 10 with: "Tooscaredatallto"
Generated 21.0m passphrases
1.725m/s
Minimum for passphrase 1 had a distance of 10 with: "Tooscaredatallto"
Generated 22.0m passphrases
1.73m/s
Minimum for passphrase 1 had a distance of 10 with: "Tooscaredatallto"
Generated 23.0m passphrases
1.738m/s
Minimum for passphrase 1 had a distance of 10 with: "Tooscaredatallto"
Generated 24.0m passphrases
1.744m/s
Minimum for passphrase 1 had a distance of 10 with: "Tooscaredatallto"
Generated 25.0m passphrases
1.75m/s
Minimum for passphrase 1 had a distance of 10 with: "Tooscaredatallto"
Generated 26.0m passphrases
1.755m/s
Minimum for passphrase 1 had a distance of 10 with: "Tooscaredatallto"
Generated 27.0m passphrases
1.755m/s
Minimum for passphrase 1 had a distance of 10 with: "Tooscaredatallto"
Generated 28.0m passphrases
1.762m/s
Minimum for passphrase 1 had a distance of 10 with: "Tooscaredatallto"
Generated 29.0m passphrases
1.752m/s
Minimum for passphrase 1 had a distance of 10 with: "Tooscaredatallto"
Generated 30.0m passphrases
1.748m/s
Minimum for passphrase 1 had a distance of 10 with: "Tooscaredatallto"
Generated 31.0m passphrases
1.744m/s
Minimum for passphrase 1 had a distance of 10 with: "Tooscaredatallto"
Generated 32.0m passphrases
1.746m/s
Minimum for passphrase 1 had a distance of 10 with: "Tooscaredatallto"
Generated 33.0m passphrases
1.755m/s
Minimum for passphrase 1 had a distance of 10 with: "Tooscaredatallto"
Generated 34.0m passphrases
1.763m/s
Minimum for passphrase 1 had a distance of 10 with: "Tooscaredatallto"
Generated 35.0m passphrases
1.77m/s
Minimum for passphrase 1 had a distance of 10 with: "Tooscaredatallto"
Generated 36.0m passphrases
1.777m/s
Minimum for passphrase 1 had a distance of 10 with: "Tooscaredatallto"
Generated 37.0m passphrases
1.78m/s
Minimum for passphrase 1 had a distance of 10 with: "Tooscaredatallto"
Generated 38.0m passphrases
1.79m/s
Minimum for passphrase 1 had a distance of 10 with: "Tooscaredatallto"
Generated 39.0m passphrases
1.801m/s
Minimum for passphrase 1 had a distance of 10 with: "Tooscaredatallto"
Generated 40.0m passphrases
1.815m/s
Minimum for passphrase 1 had a distance of 10 with: "Tooscaredatallto"
Generated 41.0m passphrases
1.822m/s
Minimum for passphrase 1 had a distance of 10 with: "Tooscaredatallto"
Generated 42.0m passphrases
1.826m/s
Minimum for passphrase 1 had a distance of 10 with: "Tooscaredatallto"
Generated 43.0m passphrases
1.827m/s
Minimum for passphrase 1 had a distance of 10 with: "Tooscaredatallto"
Generated 44.0m passphrases
1.822m/s
Minimum for passphrase 1 had a distance of 10 with: "Tooscaredatallto"
Generated 45.0m passphrases
1.815m/s
Minimum for passphrase 1 had a distance of 10 with: "Tooscaredatallto"
Generated 46.0m passphrases
1.809m/s
Minimum for passphrase 1 had a distance of 10 with: "Tooscaredatallto"
Generated 47.0m passphrases
1.807m/s
Minimum for passphrase 1 had a distance of 10 with: "Tooscaredatallto"
Generated 48.0m passphrases
1.803m/s
Minimum for passphrase 1 had a distance of 10 with: "Tooscaredatallto"
generated everything for ./lyrics/Other/Rancid.txt

generating passphrases with ./lyrics/Metal/Sum_41.txt
Generated 49.0m passphrases
1.803m/s
Minimum for passphrase 1 had a distance of 10 with: "Tooscaredatallto"
Generated 50.0m passphrases
1.802m/s
Minimum for passphrase 1 had a distance of 10 with: "Tooscaredatallto"
Generated 51.0m passphrases
1.803m/s
Minimum for passphrase 1 had a distance of 10 with: "Tooscaredatallto"
Generated 52.0m passphrases
1.805m/s
Minimum for passphrase 1 had a distance of 10 with: "Tooscaredatallto"
Generated 53.0m passphrases
1.809m/s
Minimum for passphrase 1 had a distance of 10 with: "Tooscaredatallto"
Generated 54.0m passphrases
1.806m/s
Minimum for passphrase 1 had a distance of 10 with: "Tooscaredatallto"
Generated 55.0m passphrases
1.802m/s
Minimum for passphrase 1 had a distance of 9 with: "Lookmeanwhenour"
Generated 56.0m passphrases
1.801m/s
Minimum for passphrase 1 had a distance of 9 with: "Lookmeanwhenour"
Generated 57.0m passphrases
1.8m/s
Minimum for passphrase 1 had a distance of 9 with: "Lookmeanwhenour"
Generated 58.0m passphrases
1.796m/s
Minimum for passphrase 1 had a distance of 9 with: "Lookmeanwhenour"
Generated 59.0m passphrases
1.791m/s
Minimum for passphrase 1 had a distance of 9 with: "Lookmeanwhenour"
Generated 60.0m passphrases
1.777m/s
Minimum for passphrase 1 had a distance of 9 with: "Lookmeanwhenour"
Generated 61.0m passphrases
1.773m/s
Minimum for passphrase 1 had a distance of 9 with: "Lookmeanwhenour"
Generated 62.0m passphrases
1.763m/s
Minimum for passphrase 1 had a distance of 9 with: "Lookmeanwhenour"
Generated 63.0m passphrases
1.757m/s
Minimum for passphrase 1 had a distance of 9 with: "Lookmeanwhenour"
Generated 64.0m passphrases
1.752m/s
Minimum for passphrase 1 had a distance of 9 with: "Lookmeanwhenour"
generated everything for ./lyrics/Metal/Sum_41.txt

generating passphrases with ./lyrics/Rock/Red_Hot_Chili_Peppers.txt
Generated 65.0m passphrases
1.75m/s
Minimum for passphrase 1 had a distance of 9 with: "Lookmeanwhenour"
Generated 66.0m passphrases
1.747m/s
Minimum for passphrase 1 had a distance of 9 with: "Lookmeanwhenour"
Generated 67.0m passphrases
1.744m/s
Minimum for passphrase 1 had a distance of 9 with: "Lookmeanwhenour"
Generated 68.0m passphrases
1.743m/s
Minimum for passphrase 1 had a distance of 9 with: "Lookmeanwhenour"
Generated 69.0m passphrases
1.747m/s
Minimum for passphrase 1 had a distance of 9 with: "Lookmeanwhenour"
Generated 70.0m passphrases
1.752m/s
Minimum for passphrase 1 had a distance of 9 with: "Lookmeanwhenour"
Generated 71.0m passphrases
1.753m/s
Minimum for passphrase 1 had a distance of 9 with: "Lookmeanwhenour"
Generated 72.0m passphrases
1.751m/s
Minimum for passphrase 1 had a distance of 9 with: "Lookmeanwhenour"
Generated 73.0m passphrases
1.749m/s
Minimum for passphrase 1 had a distance of 9 with: "Lookmeanwhenour"
Generated 74.0m passphrases
1.749m/s
Minimum for passphrase 1 had a distance of 9 with: "Lookmeanwhenour"
Generated 75.0m passphrases
1.742m/s
Minimum for passphrase 1 had a distance of 9 with: "Lookmeanwhenour"
Generated 76.0m passphrases
1.74m/s
Minimum for passphrase 1 had a distance of 9 with: "Lookmeanwhenour"
Generated 77.0m passphrases
1.74m/s
Minimum for passphrase 1 had a distance of 9 with: "Lookmeanwhenour"
Generated 78.0m passphrases
1.738m/s
Minimum for passphrase 1 had a distance of 9 with: "Lookmeanwhenour"
Generated 79.0m passphrases
1.736m/s
Minimum for passphrase 1 had a distance of 9 with: "Lookmeanwhenour"
Generated 80.0m passphrases
1.734m/s
Minimum for passphrase 1 had a distance of 9 with: "Lookmeanwhenour"
Generated 81.0m passphrases
1.735m/s
Minimum for passphrase 1 had a distance of 9 with: "Lookmeanwhenour"
Generated 82.0m passphrases
1.736m/s
Minimum for passphrase 1 had a distance of 9 with: "Lookmeanwhenour"
Generated 83.0m passphrases
1.737m/s
Minimum for passphrase 1 had a distance of 9 with: "Lookmeanwhenour"
Generated 84.0m passphrases
1.739m/s
Minimum for passphrase 1 had a distance of 9 with: "Lookmeanwhenour"
Generated 85.0m passphrases
1.744m/s
Minimum for passphrase 1 had a distance of 9 with: "Lookmeanwhenour"
Generated 86.0m passphrases
1.748m/s
Minimum for passphrase 1 had a distance of 9 with: "Lookmeanwhenour"
Generated 87.0m passphrases
1.751m/s
Minimum for passphrase 1 had a distance of 9 with: "Lookmeanwhenour"
Generated 88.0m passphrases
1.751m/s
Minimum for passphrase 1 had a distance of 9 with: "Lookmeanwhenour"
Generated 89.0m passphrases
1.751m/s
Minimum for passphrase 1 had a distance of 9 with: "Lookmeanwhenour"
Generated 90.0m passphrases
1.755m/s
Minimum for passphrase 1 had a distance of 9 with: "Lookmeanwhenour"
Generated 91.0m passphrases
1.758m/s
Minimum for passphrase 1 had a distance of 9 with: "Lookmeanwhenour"
Generated 92.0m passphrases
1.758m/s
Minimum for passphrase 1 had a distance of 9 with: "Lookmeanwhenour"
Generated 93.0m passphrases
1.759m/s
Minimum for passphrase 1 had a distance of 9 with: "Lookmeanwhenour"
Generated 94.0m passphrases
1.759m/s
Minimum for passphrase 1 had a distance of 9 with: "Lookmeanwhenour"
Generated 95.0m passphrases
1.761m/s
Minimum for passphrase 1 had a distance of 9 with: "Lookmeanwhenour"
Generated 96.0m passphrases
1.761m/s
Minimum for passphrase 1 had a distance of 9 with: "Lookmeanwhenour"
Generated 97.0m passphrases
1.762m/s
Minimum for passphrase 1 had a distance of 9 with: "Lookmeanwhenour"
Generated 98.0m passphrases
1.764m/s
Minimum for passphrase 1 had a distance of 9 with: "Lookmeanwhenour"
Generated 99.0m passphrases
1.766m/s
Minimum for passphrase 1 had a distance of 9 with: "Lookmeanwhenour"
Generated 100.0m passphrases
1.767m/s
Minimum for passphrase 1 had a distance of 9 with: "Lookmeanwhenour"
Generated 101.0m passphrases
1.767m/s
Minimum for passphrase 1 had a distance of 9 with: "Lookmeanwhenour"
Generated 102.0m passphrases
1.769m/s
Minimum for passphrase 1 had a distance of 9 with: "Lookmeanwhenour"
Generated 103.0m passphrases
1.771m/s
Minimum for passphrase 1 had a distance of 9 with: "Lookmeanwhenour"
Generated 104.0m passphrases
1.772m/s
Minimum for passphrase 1 had a distance of 9 with: "Lookmeanwhenour"
Generated 105.0m passphrases
1.774m/s
Minimum for passphrase 1 had a distance of 9 with: "Lookmeanwhenour"
Generated 106.0m passphrases
1.776m/s
Minimum for passphrase 1 had a distance of 9 with: "Lookmeanwhenour"
Generated 107.0m passphrases
1.778m/s
Minimum for passphrase 1 had a distance of 9 with: "Lookmeanwhenour"
Generated 108.0m passphrases
1.781m/s
Minimum for passphrase 1 had a distance of 9 with: "Lookmeanwhenour"
Generated 109.0m passphrases
1.786m/s
Minimum for passphrase 1 had a distance of 9 with: "Lookmeanwhenour"
Generated 110.0m passphrases
1.789m/s
Minimum for passphrase 1 had a distance of 9 with: "Lookmeanwhenour"
Generated 111.0m passphrases
1.793m/s
Minimum for passphrase 1 had a distance of 9 with: "Lookmeanwhenour"
Generated 112.0m passphrases
1.798m/s
Minimum for passphrase 1 had a distance of 9 with: "Lookmeanwhenour"
Generated 113.0m passphrases
1.802m/s
Minimum for passphrase 1 had a distance of 9 with: "Lookmeanwhenour"
generated everything for ./lyrics/Rock/Red_Hot_Chili_Peppers.txt

generating passphrases with ./lyrics/Other/Pearl_Jam.txt
Generated 114.0m passphrases
1.804m/s
Minimum for passphrase 1 had a distance of 8 with: "Booksandjealousy"
Generated 115.0m passphrases
1.805m/s
Minimum for passphrase 1 had a distance of 8 with: "Booksandjealousy"
Generated 116.0m passphrases
1.805m/s
Minimum for passphrase 1 had a distance of 8 with: "Booksandjealousy"
Generated 117.0m passphrases
1.806m/s
Minimum for passphrase 1 had a distance of 8 with: "Booksandjealousy"
Generated 118.0m passphrases
1.806m/s
Minimum for passphrase 1 had a distance of 8 with: "Booksandjealousy"
Generated 119.0m passphrases
1.806m/s
Minimum for passphrase 1 had a distance of 8 with: "Booksandjealousy"
Generated 120.0m passphrases
1.805m/s
Minimum for passphrase 1 had a distance of 8 with: "Booksandjealousy"
Generated 121.0m passphrases
1.803m/s
Minimum for passphrase 1 had a distance of 8 with: "Booksandjealousy"
Generated 122.0m passphrases
1.803m/s
Minimum for passphrase 1 had a distance of 8 with: "Booksandjealousy"
Generated 123.0m passphrases
1.804m/s
Minimum for passphrase 1 had a distance of 8 with: "Booksandjealousy"
Generated 124.0m passphrases
1.804m/s
Minimum for passphrase 1 had a distance of 8 with: "Booksandjealousy"
Generated 125.0m passphrases
1.804m/s
Minimum for passphrase 1 had a distance of 8 with: "Booksandjealousy"
Generated 126.0m passphrases
1.803m/s
Minimum for passphrase 1 had a distance of 8 with: "Booksandjealousy"
Generated 127.0m passphrases
1.807m/s
Minimum for passphrase 1 had a distance of 8 with: "Booksandjealousy"
Generated 128.0m passphrases
1.81m/s
Minimum for passphrase 1 had a distance of 8 with: "Booksandjealousy"
Generated 129.0m passphrases
1.814m/s
Minimum for passphrase 1 had a distance of 8 with: "Booksandjealousy"
Generated 130.0m passphrases
1.817m/s
Minimum for passphrase 1 had a distance of 8 with: "Booksandjealousy"
Generated 131.0m passphrases
1.819m/s
Minimum for passphrase 1 had a distance of 8 with: "Booksandjealousy"
Generated 132.0m passphrases
1.822m/s
Minimum for passphrase 1 had a distance of 8 with: "Booksandjealousy"
Generated 133.0m passphrases
1.825m/s
Minimum for passphrase 1 had a distance of 8 with: "Booksandjealousy"
Generated 134.0m passphrases
1.828m/s
Minimum for passphrase 1 had a distance of 8 with: "Booksandjealousy"
Generated 135.0m passphrases
1.83m/s
Minimum for passphrase 1 had a distance of 8 with: "Booksandjealousy"
Generated 136.0m passphrases
1.833m/s
Minimum for passphrase 1 had a distance of 8 with: "Booksandjealousy"
Generated 137.0m passphrases
1.836m/s
Minimum for passphrase 1 had a distance of 8 with: "Booksandjealousy"
Generated 138.0m passphrases
1.839m/s
Minimum for passphrase 1 had a distance of 8 with: "Booksandjealousy"
Generated 139.0m passphrases
1.841m/s
Minimum for passphrase 1 had a distance of 8 with: "Booksandjealousy"
Generated 140.0m passphrases
1.844m/s
Minimum for passphrase 1 had a distance of 8 with: "Booksandjealousy"
Generated 141.0m passphrases
1.846m/s
Minimum for passphrase 1 had a distance of 8 with: "Booksandjealousy"
Generated 142.0m passphrases
1.849m/s
Minimum for passphrase 1 had a distance of 8 with: "Booksandjealousy"
Generated 143.0m passphrases
1.851m/s
Minimum for passphrase 1 had a distance of 8 with: "Booksandjealousy"
Generated 144.0m passphrases
1.854m/s
Minimum for passphrase 1 had a distance of 8 with: "Booksandjealousy"
Generated 145.0m passphrases
1.857m/s
Minimum for passphrase 1 had a distance of 8 with: "Booksandjealousy"
Generated 146.0m passphrases
1.858m/s
Minimum for passphrase 1 had a distance of 8 with: "Booksandjealousy"
Generated 147.0m passphrases
1.861m/s
Minimum for passphrase 1 had a distance of 8 with: "Booksandjealousy"
Generated 148.0m passphrases
1.864m/s
Minimum for passphrase 1 had a distance of 8 with: "Booksandjealousy"
Generated 149.0m passphrases
1.867m/s
Minimum for passphrase 1 had a distance of 8 with: "Booksandjealousy"
Generated 150.0m passphrases
1.869m/s
Minimum for passphrase 1 had a distance of 8 with: "Booksandjealousy"
Generated 151.0m passphrases
1.871m/s
Minimum for passphrase 1 had a distance of 8 with: "Booksandjealousy"
Generated 152.0m passphrases
1.874m/s
Minimum for passphrase 1 had a distance of 8 with: "Booksandjealousy"
Generated 153.0m passphrases
1.876m/s
Minimum for passphrase 1 had a distance of 8 with: "Booksandjealousy"
Generated 154.0m passphrases
1.878m/s
Minimum for passphrase 1 had a distance of 8 with: "Booksandjealousy"
Generated 155.0m passphrases
1.88m/s
Minimum for passphrase 1 had a distance of 8 with: "Booksandjealousy"
Generated 156.0m passphrases
1.882m/s
Minimum for passphrase 1 had a distance of 8 with: "Booksandjealousy"
Generated 157.0m passphrases
1.884m/s
Minimum for passphrase 1 had a distance of 8 with: "Booksandjealousy"
Generated 158.0m passphrases
1.887m/s
Minimum for passphrase 1 had a distance of 8 with: "Booksandjealousy"
Generated 159.0m passphrases
1.89m/s
Minimum for passphrase 1 had a distance of 8 with: "Booksandjealousy"
Generated 160.0m passphrases
1.894m/s
Minimum for passphrase 1 had a distance of 8 with: "Booksandjealousy"
generated everything for ./lyrics/Other/Pearl_Jam.txt
generated 160453284 passphrases
Minimum for passphrase 1 had a distance of 8 with: "Booksandjealousy"
No success
1.89542820889m/s
