
generating passphrases with ./lyrics/Rock/Pink_Floyd.txt
Generated 1.0m passphrases
1.216m/s
Minimum for passphrase 1 had a distance of 11 with: "Theresnothingyou"
Generated 2.0m passphrases
1.357m/s
Minimum for passphrase 1 had a distance of 10 with: "Doyouthinkitstime"
Generated 3.0m passphrases
1.427m/s
Minimum for passphrase 1 had a distance of 9 with: "homeyoureonyour"
Generated 4.0m passphrases
1.49m/s
Minimum for passphrase 1 had a distance of 7 with: "Doyouthinkyoucan"
Generated 5.0m passphrases
1.526m/s
Minimum for passphrase 1 had a distance of 7 with: "Doyouthinkyoucan"
Generated 6.0m passphrases
1.558m/s
Minimum for passphrase 1 had a distance of 7 with: "Doyouthinkyoucan"
Generated 7.0m passphrases
1.62m/s
Minimum for passphrase 1 had a distance of 7 with: "Doyouthinkyoucan"
Generated 8.0m passphrases
1.657m/s
Minimum for passphrase 1 had a distance of 7 with: "Doyouthinkyoucan"
Generated 9.0m passphrases
1.695m/s
Minimum for passphrase 1 had a distance of 7 with: "Doyouthinkyoucan"
Generated 10.0m passphrases
1.726m/s
Minimum for passphrase 1 had a distance of 7 with: "Doyouthinkyoucan"
Generated 11.0m passphrases
1.75m/s
Minimum for passphrase 1 had a distance of 7 with: "Doyouthinkyoucan"
Generated 12.0m passphrases
1.718m/s
Minimum for passphrase 1 had a distance of 7 with: "Doyouthinkyoucan"
Generated 13.0m passphrases
1.714m/s
Minimum for passphrase 1 had a distance of 7 with: "Doyouthinkyoucan"
Generated 14.0m passphrases
1.716m/s
Minimum for passphrase 1 had a distance of 7 with: "Doyouthinkyoucan"
Generated 15.0m passphrases
1.717m/s
Minimum for passphrase 1 had a distance of 7 with: "Doyouthinkyoucan"
Generated 16.0m passphrases
1.715m/s
Minimum for passphrase 1 had a distance of 7 with: "Doyouthinkyoucan"
Generated 17.0m passphrases
1.715m/s
Minimum for passphrase 1 had a distance of 7 with: "Doyouthinkyoucan"
Generated 18.0m passphrases
1.731m/s
Minimum for passphrase 1 had a distance of 7 with: "Doyouthinkyoucan"
Generated 19.0m passphrases
1.744m/s
Minimum for passphrase 1 had a distance of 7 with: "Doyouthinkyoucan"
Generated 20.0m passphrases
1.768m/s
Minimum for passphrase 1 had a distance of 7 with: "Doyouthinkyoucan"
Generated 21.0m passphrases
1.79m/s
Minimum for passphrase 1 had a distance of 7 with: "Doyouthinkyoucan"
Generated 22.0m passphrases
1.811m/s
Minimum for passphrase 1 had a distance of 7 with: "Doyouthinkyoucan"
Generated 23.0m passphrases
1.809m/s
Minimum for passphrase 1 had a distance of 7 with: "Doyouthinkyoucan"
Generated 24.0m passphrases
1.81m/s
Minimum for passphrase 1 had a distance of 7 with: "Doyouthinkyoucan"
generated everything for ./lyrics/Rock/Pink_Floyd.txt
generated 24844432 passphrases
Minimum for passphrase 1 had a distance of 7 with: "Doyouthinkyoucan"
No success
1.82048153774m/s
