
generating passphrases with ./quotes/Comedian/rowan_atkinson.txt
Generated 1.0m passphrases
1.696m/s
Minimum for passphrase 1 had a distance of 28 with: "Tocriticizeapersonfortheir"
generated everything for ./quotes/Comedian/rowan_atkinson.txt

generating passphrases with ./quotes/English/rowan_atkinson.txt
Generated 2.0m passphrases
1.845m/s
Minimum for passphrase 1 had a distance of 28 with: "Tocriticizeapersonfortheir"
Generated 3.0m passphrases
1.867m/s
Minimum for passphrase 1 had a distance of 28 with: "Tocriticizeapersonfortheir"
generated everything for ./quotes/English/rowan_atkinson.txt

generating passphrases with ./lyrics/Other/Meat_Loaf.txt
Generated 4.0m passphrases
1.857m/s
Minimum for passphrase 1 had a distance of 27 with: "Imnotafraidofthethetruth"
Generated 5.0m passphrases
1.869m/s
Minimum for passphrase 1 had a distance of 26 with: "begnoyoullneverhavetosteal"
Generated 6.0m passphrases
1.858m/s
Minimum for passphrase 1 had a distance of 26 with: "begnoyoullneverhavetosteal"
Generated 7.0m passphrases
1.873m/s
Minimum for passphrase 1 had a distance of 25 with: "timeoohwelleverbetogether"
Generated 8.0m passphrases
1.882m/s
Minimum for passphrase 1 had a distance of 25 with: "timeoohwelleverbetogether"
Generated 9.0m passphrases
1.884m/s
Minimum for passphrase 1 had a distance of 25 with: "timeoohwelleverbetogether"
Generated 10.0m passphrases
1.895m/s
Minimum for passphrase 1 had a distance of 25 with: "timeoohwelleverbetogether"
Generated 11.0m passphrases
1.923m/s
Minimum for passphrase 1 had a distance of 25 with: "timeoohwelleverbetogether"
Generated 12.0m passphrases
1.947m/s
Minimum for passphrase 1 had a distance of 25 with: "timeoohwelleverbetogether"
Generated 13.0m passphrases
1.971m/s
Minimum for passphrase 1 had a distance of 25 with: "timeoohwelleverbetogether"
Generated 14.0m passphrases
1.992m/s
Minimum for passphrase 1 had a distance of 25 with: "timeoohwelleverbetogether"
Generated 15.0m passphrases
2.012m/s
Minimum for passphrase 1 had a distance of 25 with: "timeoohwelleverbetogether"
Generated 16.0m passphrases
2.005m/s
Minimum for passphrase 1 had a distance of 25 with: "timeoohwelleverbetogether"
Generated 17.0m passphrases
2.005m/s
Minimum for passphrase 1 had a distance of 25 with: "timeoohwelleverbetogether"
Generated 18.0m passphrases
2.002m/s
Minimum for passphrase 1 had a distance of 25 with: "timeoohwelleverbetogether"
Generated 19.0m passphrases
1.982m/s
Minimum for passphrase 1 had a distance of 25 with: "timeoohwelleverbetogether"
Generated 20.0m passphrases
1.975m/s
Minimum for passphrase 1 had a distance of 25 with: "timeoohwelleverbetogether"
Generated 21.0m passphrases
1.972m/s
Minimum for passphrase 1 had a distance of 25 with: "timeoohwelleverbetogether"
Generated 22.0m passphrases
1.97m/s
Minimum for passphrase 1 had a distance of 25 with: "timeoohwelleverbetogether"
Generated 23.0m passphrases
1.968m/s
Minimum for passphrase 1 had a distance of 25 with: "timeoohwelleverbetogether"
Generated 24.0m passphrases
1.964m/s
Minimum for passphrase 1 had a distance of 25 with: "timeoohwelleverbetogether"
Generated 25.0m passphrases
1.956m/s
Minimum for passphrase 1 had a distance of 25 with: "timeoohwelleverbetogether"
Generated 26.0m passphrases
1.951m/s
Minimum for passphrase 1 had a distance of 25 with: "timeoohwelleverbetogether"
Generated 27.0m passphrases
1.947m/s
Minimum for passphrase 1 had a distance of 25 with: "timeoohwelleverbetogether"
Generated 28.0m passphrases
1.931m/s
Minimum for passphrase 1 had a distance of 25 with: "timeoohwelleverbetogether"
Generated 29.0m passphrases
1.931m/s
Minimum for passphrase 1 had a distance of 25 with: "timeoohwelleverbetogether"
Generated 30.0m passphrases
1.932m/s
Minimum for passphrase 1 had a distance of 25 with: "timeoohwelleverbetogether"
Generated 31.0m passphrases
1.933m/s
Minimum for passphrase 1 had a distance of 25 with: "timeoohwelleverbetogether"
Generated 32.0m passphrases
1.933m/s
Minimum for passphrase 1 had a distance of 25 with: "timeoohwelleverbetogether"
Generated 33.0m passphrases
1.928m/s
Minimum for passphrase 1 had a distance of 25 with: "timeoohwelleverbetogether"
Generated 34.0m passphrases
1.926m/s
Minimum for passphrase 1 had a distance of 25 with: "timeoohwelleverbetogether"
Generated 35.0m passphrases
1.926m/s
Minimum for passphrase 1 had a distance of 25 with: "timeoohwelleverbetogether"
Generated 36.0m passphrases
1.926m/s
Minimum for passphrase 1 had a distance of 25 with: "timeoohwelleverbetogether"
Generated 37.0m passphrases
1.927m/s
Minimum for passphrase 1 had a distance of 25 with: "timeoohwelleverbetogether"
Generated 38.0m passphrases
1.93m/s
Minimum for passphrase 1 had a distance of 25 with: "timeoohwelleverbetogether"
Generated 39.0m passphrases
1.931m/s
Minimum for passphrase 1 had a distance of 25 with: "timeoohwelleverbetogether"
Generated 40.0m passphrases
1.932m/s
Minimum for passphrase 1 had a distance of 25 with: "timeoohwelleverbetogether"
Generated 41.0m passphrases
1.934m/s
Minimum for passphrase 1 had a distance of 25 with: "timeoohwelleverbetogether"
Generated 42.0m passphrases
1.936m/s
Minimum for passphrase 1 had a distance of 25 with: "timeoohwelleverbetogether"
Generated 43.0m passphrases
1.929m/s
Minimum for passphrase 1 had a distance of 25 with: "timeoohwelleverbetogether"
Generated 44.0m passphrases
1.927m/s
Minimum for passphrase 1 had a distance of 25 with: "timeoohwelleverbetogether"
Generated 45.0m passphrases
1.928m/s
Minimum for passphrase 1 had a distance of 24 with: "IknowIllnevergetheroutofmyheart"
Generated 46.0m passphrases
1.926m/s
Minimum for passphrase 1 had a distance of 24 with: "IknowIllnevergetheroutofmyheart"
Generated 47.0m passphrases
1.916m/s
Minimum for passphrase 1 had a distance of 24 with: "IknowIllnevergetheroutofmyheart"
Generated 48.0m passphrases
1.912m/s
Minimum for passphrase 1 had a distance of 24 with: "IknowIllnevergetheroutofmyheart"
Generated 49.0m passphrases
1.901m/s
Minimum for passphrase 1 had a distance of 24 with: "IknowIllnevergetheroutofmyheart"
Generated 50.0m passphrases
1.902m/s
Minimum for passphrase 1 had a distance of 24 with: "IknowIllnevergetheroutofmyheart"
Generated 51.0m passphrases
1.906m/s
Minimum for passphrase 1 had a distance of 24 with: "IknowIllnevergetheroutofmyheart"
Generated 52.0m passphrases
1.91m/s
Minimum for passphrase 1 had a distance of 24 with: "IknowIllnevergetheroutofmyheart"
Generated 53.0m passphrases
1.913m/s
Minimum for passphrase 1 had a distance of 24 with: "IknowIllnevergetheroutofmyheart"
Generated 54.0m passphrases
1.915m/s
Minimum for passphrase 1 had a distance of 24 with: "IknowIllnevergetheroutofmyheart"
generated everything for ./lyrics/Other/Meat_Loaf.txt
generated 54245408 passphrases
Minimum for passphrase 1 had a distance of 24 with: "IknowIllnevergetheroutofmyheart"
No success
1.91559150511m/s
