
generating passphrases with ./lyrics/Metal/Slipknot.txt
Generated 1.0m passphrases
1.302m/s
Minimum for passphrase 1 had a distance of 13 with: "Iminconniptions"
Generated 2.0m passphrases
1.411m/s
Minimum for passphrase 1 had a distance of 13 with: "Iminconniptions"
Generated 3.0m passphrases
1.442m/s
Minimum for passphrase 1 had a distance of 13 with: "Iminconniptions"
Generated 4.0m passphrases
1.507m/s
Minimum for passphrase 1 had a distance of 13 with: "Iminconniptions"
Generated 5.0m passphrases
1.563m/s
Minimum for passphrase 1 had a distance of 13 with: "Iminconniptions"
Generated 6.0m passphrases
1.599m/s
Minimum for passphrase 1 had a distance of 13 with: "Iminconniptions"
Generated 7.0m passphrases
1.615m/s
Minimum for passphrase 1 had a distance of 13 with: "Iminconniptions"
Generated 8.0m passphrases
1.645m/s
Minimum for passphrase 1 had a distance of 13 with: "Iminconniptions"
Generated 9.0m passphrases
1.662m/s
Minimum for passphrase 1 had a distance of 13 with: "Iminconniptions"
Generated 10.0m passphrases
1.675m/s
Minimum for passphrase 1 had a distance of 13 with: "Iminconniptions"
Generated 11.0m passphrases
1.69m/s
Minimum for passphrase 1 had a distance of 13 with: "Iminconniptions"
Generated 12.0m passphrases
1.703m/s
Minimum for passphrase 1 had a distance of 13 with: "Iminconniptions"
Generated 13.0m passphrases
1.714m/s
Minimum for passphrase 1 had a distance of 13 with: "Iminconniptions"
Generated 14.0m passphrases
1.723m/s
Minimum for passphrase 1 had a distance of 13 with: "Iminconniptions"
Generated 15.0m passphrases
1.729m/s
Minimum for passphrase 1 had a distance of 13 with: "Iminconniptions"
Generated 16.0m passphrases
1.734m/s
Minimum for passphrase 1 had a distance of 13 with: "Iminconniptions"
Generated 17.0m passphrases
1.736m/s
Minimum for passphrase 1 had a distance of 13 with: "Iminconniptions"
Generated 18.0m passphrases
1.742m/s
Minimum for passphrase 1 had a distance of 13 with: "Iminconniptions"
Generated 19.0m passphrases
1.743m/s
Minimum for passphrase 1 had a distance of 13 with: "Iminconniptions"
Generated 20.0m passphrases
1.746m/s
Minimum for passphrase 1 had a distance of 13 with: "Iminconniptions"
Generated 21.0m passphrases
1.75m/s
Minimum for passphrase 1 had a distance of 13 with: "Iminconniptions"
Generated 22.0m passphrases
1.752m/s
Minimum for passphrase 1 had a distance of 13 with: "Iminconniptions"
Generated 23.0m passphrases
1.753m/s
Minimum for passphrase 1 had a distance of 13 with: "Iminconniptions"
generated everything for ./lyrics/Metal/Slipknot.txt

generating passphrases with ./lyrics/Metal/System_of_a_Down.txt
Generated 24.0m passphrases
1.757m/s
Minimum for passphrase 1 had a distance of 13 with: "Iminconniptions"
Generated 25.0m passphrases
1.757m/s
Minimum for passphrase 1 had a distance of 13 with: "Iminconniptions"
Generated 26.0m passphrases
1.744m/s
Minimum for passphrase 1 had a distance of 13 with: "Iminconniptions"
Generated 27.0m passphrases
1.743m/s
Minimum for passphrase 1 had a distance of 13 with: "Iminconniptions"
Generated 28.0m passphrases
1.741m/s
Minimum for passphrase 1 had a distance of 12 with: "Iliketocomplain"
Generated 29.0m passphrases
1.742m/s
Minimum for passphrase 1 had a distance of 12 with: "Iliketocomplain"
Generated 30.0m passphrases
1.743m/s
Minimum for passphrase 1 had a distance of 12 with: "Iliketocomplain"
Generated 31.0m passphrases
1.738m/s
Minimum for passphrase 1 had a distance of 12 with: "Iliketocomplain"
Generated 32.0m passphrases
1.739m/s
Minimum for passphrase 1 had a distance of 12 with: "Iliketocomplain"
Generated 33.0m passphrases
1.741m/s
Minimum for passphrase 1 had a distance of 11 with: "Iliketospreadyou"
Generated 34.0m passphrases
1.744m/s
Minimum for passphrase 1 had a distance of 11 with: "Iliketospreadyou"
Generated 35.0m passphrases
1.747m/s
Minimum for passphrase 1 had a distance of 11 with: "Iliketospreadyou"
generated everything for ./lyrics/Metal/System_of_a_Down.txt

generating passphrases with ./quotes/Author/terry_pratchett.txt
Generated 36.0m passphrases
1.75m/s
Minimum for passphrase 1 had a distance of 11 with: "Iliketospreadyou"
Generated 37.0m passphrases
1.754m/s
Minimum for passphrase 1 had a distance of 11 with: "Iliketospreadyou"
Generated 38.0m passphrases
1.754m/s
Minimum for passphrase 1 had a distance of 11 with: "Iliketospreadyou"
Generated 39.0m passphrases
1.757m/s
Minimum for passphrase 1 had a distance of 11 with: "Iliketospreadyou"
Generated 40.0m passphrases
1.76m/s
Minimum for passphrase 1 had a distance of 11 with: "Iliketospreadyou"
Generated 41.0m passphrases
1.762m/s
Minimum for passphrase 1 had a distance of 11 with: "Iliketospreadyou"
Generated 42.0m passphrases
1.763m/s
Minimum for passphrase 1 had a distance of 11 with: "Iliketospreadyou"
Generated 43.0m passphrases
1.763m/s
Minimum for passphrase 1 had a distance of 11 with: "Iliketospreadyou"
Generated 44.0m passphrases
1.766m/s
Minimum for passphrase 1 had a distance of 11 with: "Iliketospreadyou"
Generated 45.0m passphrases
1.776m/s
Minimum for passphrase 1 had a distance of 11 with: "Iliketospreadyou"
Generated 46.0m passphrases
1.785m/s
Minimum for passphrase 1 had a distance of 11 with: "Iliketospreadyou"
Generated 47.0m passphrases
1.791m/s
Minimum for passphrase 1 had a distance of 11 with: "Iliketospreadyou"
generated everything for ./quotes/Author/terry_pratchett.txt

generating passphrases with ./quotes/English/terry_pratchett.txt
Generated 48.0m passphrases
1.8m/s
Minimum for passphrase 1 had a distance of 11 with: "Iliketospreadyou"
Generated 49.0m passphrases
1.806m/s
Minimum for passphrase 1 had a distance of 11 with: "Iliketospreadyou"
Generated 50.0m passphrases
1.81m/s
Minimum for passphrase 1 had a distance of 11 with: "Iliketospreadyou"
Generated 51.0m passphrases
1.818m/s
Minimum for passphrase 1 had a distance of 11 with: "Iliketospreadyou"
Generated 52.0m passphrases
1.823m/s
Minimum for passphrase 1 had a distance of 11 with: "Iliketospreadyou"
Generated 53.0m passphrases
1.824m/s
Minimum for passphrase 1 had a distance of 11 with: "Iliketospreadyou"
Generated 54.0m passphrases
1.823m/s
Minimum for passphrase 1 had a distance of 11 with: "Iliketospreadyou"
Generated 55.0m passphrases
1.825m/s
Minimum for passphrase 1 had a distance of 11 with: "Iliketospreadyou"
Generated 56.0m passphrases
1.828m/s
Minimum for passphrase 1 had a distance of 11 with: "Iliketospreadyou"
Generated 57.0m passphrases
1.829m/s
Minimum for passphrase 1 had a distance of 11 with: "Iliketospreadyou"
Generated 58.0m passphrases
1.828m/s
Minimum for passphrase 1 had a distance of 11 with: "Iliketospreadyou"
generated everything for ./quotes/English/terry_pratchett.txt
generated 58771128 passphrases
Minimum for passphrase 1 had a distance of 11 with: "Iliketospreadyou"
No success
1.82920478646m/s
