
generating passphrases with ./quotes/Actor/gary_oldman.txt
Generated 1.0m passphrases
1.83m/s
Minimum for passphrase 1 had a distance of 19 with: "crayonsandapencils"
Generated 2.0m passphrases
2.117m/s
Minimum for passphrase 1 had a distance of 19 with: "crayonsandapencils"
Generated 3.0m passphrases
2.163m/s
Minimum for passphrase 1 had a distance of 19 with: "crayonsandapencils"
Generated 4.0m passphrases
2.168m/s
Minimum for passphrase 1 had a distance of 18 with: "funwithgreatroles"
Generated 5.0m passphrases
2.112m/s
Minimum for passphrase 1 had a distance of 18 with: "funwithgreatroles"
Generated 6.0m passphrases
2.066m/s
Minimum for passphrase 1 had a distance of 18 with: "funwithgreatroles"
Generated 7.0m passphrases
2.002m/s
Minimum for passphrase 1 had a distance of 18 with: "funwithgreatroles"
generated everything for ./quotes/Actor/gary_oldman.txt

generating passphrases with ./quotes/English/gary_oldman.txt
Generated 8.0m passphrases
1.97m/s
Minimum for passphrase 1 had a distance of 18 with: "funwithgreatroles"
Generated 9.0m passphrases
1.962m/s
Minimum for passphrase 1 had a distance of 18 with: "funwithgreatroles"
Generated 10.0m passphrases
1.977m/s
Minimum for passphrase 1 had a distance of 18 with: "funwithgreatroles"
Generated 11.0m passphrases
1.996m/s
Minimum for passphrase 1 had a distance of 18 with: "funwithgreatroles"
Generated 12.0m passphrases
2.008m/s
Minimum for passphrase 1 had a distance of 18 with: "funwithgreatroles"
Generated 13.0m passphrases
2.018m/s
Minimum for passphrase 1 had a distance of 18 with: "funwithgreatroles"
Generated 14.0m passphrases
2.03m/s
Minimum for passphrase 1 had a distance of 18 with: "funwithgreatroles"
generated everything for ./quotes/English/gary_oldman.txt

generating passphrases with ./quotes/American/brian_greene.txt
Generated 15.0m passphrases
2.044m/s
Minimum for passphrase 1 had a distance of 17 with: "Whenyoudriveyour"
Generated 16.0m passphrases
2.053m/s
Minimum for passphrase 1 had a distance of 17 with: "Whenyoudriveyour"
Generated 17.0m passphrases
2.06m/s
Minimum for passphrase 1 had a distance of 17 with: "Whenyoudriveyour"
Generated 18.0m passphrases
2.066m/s
Minimum for passphrase 1 had a distance of 17 with: "Whenyoudriveyour"
Generated 19.0m passphrases
2.06m/s
Minimum for passphrase 1 had a distance of 17 with: "Whenyoudriveyour"
generated everything for ./quotes/American/brian_greene.txt

generating passphrases with ./quotes/Physicist/brian_greene.txt
Generated 20.0m passphrases
2.049m/s
Minimum for passphrase 1 had a distance of 17 with: "Whenyoudriveyour"
Generated 21.0m passphrases
2.038m/s
Minimum for passphrase 1 had a distance of 17 with: "Whenyoudriveyour"
Generated 22.0m passphrases
2.017m/s
Minimum for passphrase 1 had a distance of 17 with: "Whenyoudriveyour"
Generated 23.0m passphrases
2.011m/s
Minimum for passphrase 1 had a distance of 17 with: "Whenyoudriveyour"
generated everything for ./quotes/Physicist/brian_greene.txt

generating passphrases with ./lyrics/Other/Clutch.txt
Generated 24.0m passphrases
2.001m/s
Minimum for passphrase 1 had a distance of 17 with: "Whenyoudriveyour"
Generated 25.0m passphrases
1.989m/s
Minimum for passphrase 1 had a distance of 17 with: "Whenyoudriveyour"
Generated 26.0m passphrases
1.978m/s
Minimum for passphrase 1 had a distance of 17 with: "Whenyoudriveyour"
Generated 27.0m passphrases
1.962m/s
Minimum for passphrase 1 had a distance of 17 with: "Whenyoudriveyour"
Generated 28.0m passphrases
1.947m/s
Minimum for passphrase 1 had a distance of 17 with: "Whenyoudriveyour"
Generated 29.0m passphrases
1.94m/s
Minimum for passphrase 1 had a distance of 17 with: "Whenyoudriveyour"
Generated 30.0m passphrases
1.925m/s
Minimum for passphrase 1 had a distance of 17 with: "Whenyoudriveyour"
Generated 31.0m passphrases
1.923m/s
Minimum for passphrase 1 had a distance of 17 with: "Whenyoudriveyour"
Generated 32.0m passphrases
1.918m/s
Minimum for passphrase 1 had a distance of 17 with: "Whenyoudriveyour"
Generated 33.0m passphrases
1.916m/s
Minimum for passphrase 1 had a distance of 17 with: "Whenyoudriveyour"
Generated 34.0m passphrases
1.909m/s
Minimum for passphrase 1 had a distance of 17 with: "Whenyoudriveyour"
Generated 35.0m passphrases
1.904m/s
Minimum for passphrase 1 had a distance of 17 with: "Whenyoudriveyour"
Generated 36.0m passphrases
1.905m/s
Minimum for passphrase 1 had a distance of 17 with: "Whenyoudriveyour"
Generated 37.0m passphrases
1.915m/s
Minimum for passphrase 1 had a distance of 17 with: "Whenyoudriveyour"
Generated 38.0m passphrases
1.924m/s
Minimum for passphrase 1 had a distance of 17 with: "Whenyoudriveyour"
Generated 39.0m passphrases
1.933m/s
Minimum for passphrase 1 had a distance of 17 with: "Whenyoudriveyour"
Generated 40.0m passphrases
1.934m/s
Minimum for passphrase 1 had a distance of 17 with: "Whenyoudriveyour"
Generated 41.0m passphrases
1.933m/s
Minimum for passphrase 1 had a distance of 17 with: "Whenyoudriveyour"
Generated 42.0m passphrases
1.932m/s
Minimum for passphrase 1 had a distance of 15 with: "runsfromKillDevilHillsout"
Generated 43.0m passphrases
1.933m/s
Minimum for passphrase 1 had a distance of 15 with: "runsfromKillDevilHillsout"
Generated 44.0m passphrases
1.929m/s
Minimum for passphrase 1 had a distance of 15 with: "runsfromKillDevilHillsout"
Generated 45.0m passphrases
1.923m/s
Minimum for passphrase 1 had a distance of 15 with: "runsfromKillDevilHillsout"
Generated 46.0m passphrases
1.922m/s
Minimum for passphrase 1 had a distance of 15 with: "runsfromKillDevilHillsout"
Generated 47.0m passphrases
1.92m/s
Minimum for passphrase 1 had a distance of 15 with: "runsfromKillDevilHillsout"
Generated 48.0m passphrases
1.919m/s
Minimum for passphrase 1 had a distance of 15 with: "runsfromKillDevilHillsout"
Generated 49.0m passphrases
1.919m/s
Minimum for passphrase 1 had a distance of 15 with: "runsfromKillDevilHillsout"
Generated 50.0m passphrases
1.916m/s
Minimum for passphrase 1 had a distance of 15 with: "runsfromKillDevilHillsout"
Generated 51.0m passphrases
1.915m/s
Minimum for passphrase 1 had a distance of 15 with: "runsfromKillDevilHillsout"
Generated 52.0m passphrases
1.914m/s
Minimum for passphrase 1 had a distance of 15 with: "runsfromKillDevilHillsout"
Generated 53.0m passphrases
1.913m/s
Minimum for passphrase 1 had a distance of 15 with: "runsfromKillDevilHillsout"
Generated 54.0m passphrases
1.912m/s
Minimum for passphrase 1 had a distance of 15 with: "runsfromKillDevilHillsout"
Generated 55.0m passphrases
1.913m/s
Minimum for passphrase 1 had a distance of 15 with: "runsfromKillDevilHillsout"
Generated 56.0m passphrases
1.911m/s
Minimum for passphrase 1 had a distance of 15 with: "runsfromKillDevilHillsout"
Generated 57.0m passphrases
1.91m/s
Minimum for passphrase 1 had a distance of 15 with: "runsfromKillDevilHillsout"
generated everything for ./lyrics/Other/Clutch.txt
generated 57258608 passphrases
Minimum for passphrase 1 had a distance of 15 with: "runsfromKillDevilHillsout"
No success
1.91016278362m/s
