
generating passphrases with ./quotes/Activist/noam_chomsky.txt
Generated 1.0m passphrases
1.247m/s
Minimum for passphrase 1 had a distance of 16 with: "wedontbelieveinitat"
Generated 2.0m passphrases
1.42m/s
Minimum for passphrase 1 had a distance of 13 with: "intothehandsofthe"
Generated 3.0m passphrases
1.525m/s
Minimum for passphrase 1 had a distance of 13 with: "intothehandsofthe"
Generated 4.0m passphrases
1.518m/s
Minimum for passphrase 1 had a distance of 13 with: "intothehandsofthe"
Generated 5.0m passphrases
1.588m/s
Minimum for passphrase 1 had a distance of 13 with: "intothehandsofthe"
Generated 6.0m passphrases
1.624m/s
Minimum for passphrase 1 had a distance of 13 with: "intothehandsofthe"
Generated 7.0m passphrases
1.636m/s
Minimum for passphrase 1 had a distance of 13 with: "intothehandsofthe"
Generated 8.0m passphrases
1.657m/s
Minimum for passphrase 1 had a distance of 13 with: "intothehandsofthe"
Generated 9.0m passphrases
1.64m/s
Minimum for passphrase 1 had a distance of 13 with: "intothehandsofthe"
Generated 10.0m passphrases
1.64m/s
Minimum for passphrase 1 had a distance of 13 with: "intothehandsofthe"
Generated 11.0m passphrases
1.618m/s
Minimum for passphrase 1 had a distance of 13 with: "intothehandsofthe"
Generated 12.0m passphrases
1.612m/s
Minimum for passphrase 1 had a distance of 13 with: "intothehandsofthe"
Generated 13.0m passphrases
1.617m/s
Minimum for passphrase 1 had a distance of 13 with: "intothehandsofthe"
Generated 14.0m passphrases
1.629m/s
Minimum for passphrase 1 had a distance of 13 with: "intothehandsofthe"
Generated 15.0m passphrases
1.641m/s
Minimum for passphrase 1 had a distance of 13 with: "intothehandsofthe"
Generated 16.0m passphrases
1.642m/s
Minimum for passphrase 1 had a distance of 13 with: "intothehandsofthe"
Generated 17.0m passphrases
1.653m/s
Minimum for passphrase 1 had a distance of 13 with: "intothehandsofthe"
Generated 18.0m passphrases
1.655m/s
Minimum for passphrase 1 had a distance of 13 with: "intothehandsofthe"
generated everything for ./quotes/Activist/noam_chomsky.txt

generating passphrases with ./quotes/American/noam_chomsky.txt
Generated 19.0m passphrases
1.655m/s
Minimum for passphrase 1 had a distance of 13 with: "intothehandsofthe"
Generated 20.0m passphrases
1.652m/s
Minimum for passphrase 1 had a distance of 13 with: "intothehandsofthe"
Generated 21.0m passphrases
1.652m/s
Minimum for passphrase 1 had a distance of 13 with: "intothehandsofthe"
Generated 22.0m passphrases
1.641m/s
Minimum for passphrase 1 had a distance of 13 with: "intothehandsofthe"
Generated 23.0m passphrases
1.634m/s
Minimum for passphrase 1 had a distance of 13 with: "intothehandsofthe"
Generated 24.0m passphrases
1.63m/s
Minimum for passphrase 1 had a distance of 13 with: "intothehandsofthe"
Generated 25.0m passphrases
1.627m/s
Minimum for passphrase 1 had a distance of 13 with: "intothehandsofthe"
Generated 26.0m passphrases
1.627m/s
Minimum for passphrase 1 had a distance of 13 with: "intothehandsofthe"
Generated 27.0m passphrases
1.624m/s
Minimum for passphrase 1 had a distance of 13 with: "intothehandsofthe"
Generated 28.0m passphrases
1.633m/s
Minimum for passphrase 1 had a distance of 13 with: "intothehandsofthe"
Generated 29.0m passphrases
1.638m/s
Minimum for passphrase 1 had a distance of 13 with: "intothehandsofthe"
Generated 30.0m passphrases
1.633m/s
Minimum for passphrase 1 had a distance of 13 with: "intothehandsofthe"
Generated 31.0m passphrases
1.637m/s
Minimum for passphrase 1 had a distance of 13 with: "intothehandsofthe"
Generated 32.0m passphrases
1.644m/s
Minimum for passphrase 1 had a distance of 13 with: "intothehandsofthe"
Generated 33.0m passphrases
1.657m/s
Minimum for passphrase 1 had a distance of 13 with: "intothehandsofthe"
Generated 34.0m passphrases
1.67m/s
Minimum for passphrase 1 had a distance of 13 with: "intothehandsofthe"
Generated 35.0m passphrases
1.683m/s
Minimum for passphrase 1 had a distance of 13 with: "intothehandsofthe"
Generated 36.0m passphrases
1.696m/s
Minimum for passphrase 1 had a distance of 13 with: "intothehandsofthe"
generated everything for ./quotes/American/noam_chomsky.txt
generated 36431648 passphrases
Minimum for passphrase 1 had a distance of 13 with: "intothehandsofthe"
No success
1.70205753913m/s
